0 ZUMZ
1 FBIO
2 UEPS
3 WCLD
4 CUE
5 AMKR
6 BJ
7 BLBD
8 LIND
9 WTBA
10 IFV
11 CHT
12 EELV
13 ONB
14 USX
15 FRTA
16 IVZ
17 AMP
18 FELE
19 INOD
20 HYXU
21 QGEN
22 PAYA
23 ASTE
24 MIRM
25 BLMN
26 GOSS
27 SOS
28 CTAS
29 CMBS
30 WCN
31 CSII
32 AVEO
33 TQQQ
34 ATRS
35 NRBO
36 MCY
37 PAR
38 SRI
39 EGLX
40 FFIN
41 REGI
42 BODY
43 FC
44 UCBI
45 MEG
46 LANC
47 EPD
48 VISL
49 FCFS
50 ZM
51 ITEQ
52 WRE
53 BTAI
54 XRX
55 JBL
56 WSFS
57 NH
58 HYMB
59 BBC
60 DCOM
61 IBUY
62 CELC
63 APT
64 NANR
65 YMAB
66 DOMA
67 INT
68 CC
69 GENI
70 RLJ
71 VRDN
72 PRPL
73 BERY
74 EWL
75 KZIA
76 TMC
77 CBRL
78 MCB
79 THS
80 ATIP
81 HSII
82 HT
83 CVGW
84 BANR
85 EZA
86 SHLX
87 HLTH
88 FRC
89 DSKE
90 COMT
91 EBIZ
92 NRT
93 PRGS
94 FLL
95 KWEB
96 MMLP
97 SELB
98 VSEC
99 LFUS
100 EDOC
101 CMCO
102 K
103 PM
104 SHAK
105 COR
106 EMLC
107 DGRO
108 TKR
109 FISV
110 GCO
111 BKI
112 AVB
113 BTU
114 LIDR
115 IWN
116 JETS
117 ASIX
118 FDUS
119 WTS
120 NDLS
121 MMM
122 JBT
123 CHNG
124 OUSA
125 JXN
126 FXLV
127 LRGF
128 GATO
129 ITW
130 WTRG
131 AUD
132 KXIN
133 VLTA
134 ANAB
135 YUMC
136 CLW
137 DDM
138 BLUE
139 PASG
140 RIDE
141 BBD
142 ADPT
143 APRE
144 SAIL
145 SOFI
146 VRA
147 STCN
148 AVTR
149 TGH
150 GSP
151 EHTH
152 SWKS
153 CFA
154 QURE
155 IPG
156 TWND
157 BOX
158 FORA
159 HZN
160 USIG
161 NHC
162 SKX
163 NRG
164 CTVA
165 CRIS
166 DOG
167 NFLX
168 MCBC
169 IMO
170 SNLN
171 MGV
172 PSJ
173 VTOL
174 RFL
175 KEY
176 MGRC
177 EWEB
178 WOLF
179 UNF
180 HSY
181 AXLA
182 SINV
183 DBB
184 UUUU
185 CDAY
186 ECL
187 ICMB
188 TH
189 DFAU
190 RNR
191 WFH
192 SBM
193 SNCY
194 BWAC
195 H
196 LOGC
197 OFIX
198 GBIO
199 GERM
200 LEU
201 SPNT
202 ITRN
203 ARKW
204 SPWR
205 IEA
206 X
207 INTU
208 HOG
209 GTTNQ
210 GLIN
211 HAL
212 IEP
213 AROC
214 PEY
215 RBLX
216 BTN
217 KTCC
218 OTRK
219 NYMT
220 FSMD
221 ABT
222 MHK
223 HARP
224 GSK
225 COLL
226 TPB
227 CPE
228 MWA
229 EDR
230 BITO
231 ELF
232 DENN
233 SDGR
234 MAR
235 ATEN
236 SC
237 ITP
238 AWK
239 DKS
240 EUO
241 RYAAY
242 RJA
243 PHO
244 FCPI
245 MRTX
246 MS
247 ZROZ
248 SMOG
249 HYG
250 SRNE
251 DG
252 OVV
253 MANU
254 WTRH
255 CFR
256 BCYC
257 PRLD
258 VTNR
259 PTE
260 VIXY
261 AVNT
262 CHEF
263 SIGA
264 PCSB
265 CWCO
266 NMTC
267 TYME
268 KMT
269 DOCN
270 EWP
271 ADV
272 PPL
273 MSCI
274 MHLD
275 USM
276 FYBR
277 HWC
278 IRBO
279 VOO
280 IS
281 ASMB
282 ELOX
283 EUFN
284 WEBL
285 SV
286 USO
287 CARA
288 SPLG
289 FFIV
290 ESNT
291 ATAI
292 AINV
293 WAFD
294 XAIR
295 GCP
296 PH
297 VGZ
298 SIG
299 AGC
300 IXG
301 BRDS
302 RVSB
303 BKU
304 VSS
305 PZZA
306 HTBX
307 MUFG
308 CELH
309 LSPD
310 EME
311 FCG
312 DOC
313 BKEP
314 XWEB
315 SLG
316 XIN
317 TXMD
318 ITOT
319 ALE
320 GOGL
321 RYF
322 EFC
323 LUXA
324 WY
325 CASY
326 GALT
327 FEX
328 ERII
329 AVID
330 RWO
331 ITB
332 DXYN
333 CLXT
334 ACRE
335 MCRI
336 FDLO
337 DLR
338 LEMB
339 PLX
340 FRSH
341 WW
342 NXPI
343 MASS
344 DEF
345 CXW
346 CBT
347 AUS
348 AIRG
349 PSCE
350 HUMA
351 CVX
352 TGTX
353 GMF
354 MTL
355 WWW
356 IGMS
357 GAIN
358 COLM
359 DUSL
360 POOL
361 SE
362 ACRS
363 HRB
364 VECO
365 FIBK
366 CYCC
367 NEON
368 EPM
369 MAT
370 TEF
371 IPI
372 MTTR
373 THR
374 FSR
375 RETA
376 DV
377 ALKT
378 RARE
379 CLSK
380 JLL
381 ASAI
382 DRE
383 ATVI
384 PSEP
385 RGA
386 ICE
387 GAN
388 ANIX
389 MTG
390 USRT
391 AMYT
392 SRAX
393 MIMO
394 AAT
395 CHMI
396 IYY
397 PHR
398 ANTM
399 JACK
400 UTI
401 ZNTL
402 ACEV
403 IAC
404 OLK
405 AUR
406 DMRC
407 PXD
408 LMT
409 ZLAB
410 BTF
411 ENTG
412 DXLG
413 ATR
414 CW
415 ACOR
416 CWEB
417 TNC
418 LHCG
419 RMO
420 SGDJ
421 SWIR
422 MSM
423 LQDT
424 FR
425 HMC
426 BECN
427 PBA
428 FDMO
429 NAVB
430 CSIQ
431 CAMT
432 AXTI
433 URTH
434 REFR
435 LICY
436 SNDL
437 TPIC
438 KYMR
439 BIRD
440 MSP
441 VPG
442 LPRO
443 HALO
444 CGNX
445 HOFV
446 MRUS
447 ALLK
448 SSYS
449 FTNT
450 VPU
451 EWZ
452 WNC
453 RPD
454 OLN
455 CRMT
456 LIN
457 WMT
458 COMM
459 AX
460 CB
461 VONV
462 KMPH
463 BIIB
464 ATHA
465 MIME
466 KBWY
467 BLFS
468 INTEQ
469 IYW
470 NFBK
471 EZU
472 NSC
473 RFIL
474 PSCI
475 T
476 CDR
477 TRI
478 URNM
479 TPYP
480 CHDN
481 RWM
482 RADI
483 RVP
484 RWJ
485 MTDR
486 C
487 CCNE
488 HEFA
489 WATT
490 IDN
491 CHTR
492 SHYG
493 RGR
494 VLUE
495 MOG
Exception
496 IFRA
497 RAVN
498 CSBR
499 ACWI
500 CAKE
501 ARE
502 HUBG
503 NEX
504 MYRG
505 UE
506 SD
507 CALA
508 GHL
509 ORI
510 TA
511 MTN
512 ERF
513 IVT
514 CHIK
515 DFIN
516 BBJP
517 EXTN
518 SPAK
519 FNCL
520 CLB
521 HZON
522 HEWJ
523 IWP
524 RTPY
Exception
525 RDHL
526 NEAR
527 WRBY
528 GMS
529 CPRT
530 SEER
531 VPN
532 NVTA
533 KE
534 PNC
535 VTI
536 MRVL
537 NCNO
538 SEEL
539 SPXZ
540 CSPR
541 NKTR
542 UL
543 AMWD
544 FBRX
545 BRBR
546 COMS
547 WLDN
548 GSHD
549 MLPA
550 EVER
551 RSP
552 TRIB
553 GBUG
554 FIZZ
555 NKTX
556 DAO
557 CIG
558 KRC
559 MDVL
560 SPFF
561 SCPL
562 EWN
563 FRO
564 WMC
565 VRCA
566 BSGM
567 VAL
568 RENN
569 SOL
570 XLP
571 TEAM
572 SFM
573 MOV
574 FCF
575 RJF
576 QNST
577 VO
578 SACH
579 INDA
580 NLOK
581 SCL
582 PBT
583 NHTC
584 EXTR
585 BLRX
586 UBER
587 BSCL
588 MTEST
589 OCFT
590 CNQ
591 LOW
592 PAY
593 DLNG
594 TBI
595 SLM
596 MLSS
597 DUG
598 ASGN
599 HPE
600 EQWL
601 FIXD
602 ERY
603 BAB
604 OMF
605 MNSO
606 SMBK
607 VOC
608 OI
609 ALL
610 GGPI
611 BOKF
612 BTAQ
613 ELP
614 BKSY
615 BSY
616 VST
617 PBS
618 VEON
619 APEN
620 XPER
621 CGEN
622 XT
623 PBH
624 POTX
625 UVSP
626 IMNM
627 HOMB
628 XSW
629 RGS
630 ICAD
631 CTMX
632 CSTE
633 BEKE
634 SRCL
635 STEP
636 AWI
637 BUYZ
638 RDS
Exception
639 LPL
640 SONO
641 NATI
642 FTXR
643 REPH
644 ENIA
645 JD
646 LCNB
647 FDL
648 TIPX
649 REGL
650 MAN
651 GNK
652 AGL
653 DHI
654 AVRO
655 ENFR
656 REYN
657 HAUZ
658 SANM
659 KBAL
660 TYL
661 IVE
662 XBUY
663 SR
664 RTM
665 CNS
666 ONTX
667 CECE
668 GXTG
669 CRESY
670 HSIC
671 ILPT
672 SPIB
673 BLND
674 NVNO
675 IAG
676 ALT
677 GABC
678 OPCH
679 EXPR
680 OPI
681 ECNS
682 BHR
683 PSN
684 LE
685 GPK
686 MPLX
687 GB
688 HTH
689 OLPX
690 WWE
691 IHRT
692 VTWO
693 NSTB
694 FRPT
695 PSFE
696 SVFA
697 SOXS
698 PCOR
699 LNC
700 PFBC
701 FNCB
702 SKM
703 NSTG
704 NDAQ
705 HYZN
706 CRCT
707 IGC
708 RJZ
709 KIM
710 TMV
711 HIBL
712 ELYS
713 CPLP
714 IMV
715 FQAL
716 HZNP
717 BMA
718 WVE
719 AJX
720 TWKS
721 RLI
722 ALGS
723 VLDR
724 OSCR
725 NVDA
726 SSNC
727 IDYA
728 TAOP
729 IDEV
730 RPT
731 TRVN
732 SPYG
733 RYU
734 FREL
735 SCHZ
736 COWZ
737 APDN
738 AQWA
739 LEAP
740 AGI
741 BVS
742 BUD
743 LADR
744 PFFD
745 CXDO
746 IWF
747 CSGS
748 CVLT
749 REVG
750 IAT
751 OPRA
752 IMAB
753 OSBC
754 TRU
755 NINE
756 FLOT
757 LX
758 PILL
759 ARVN
760 ESPO
761 REG
762 TSLA
763 FTRI
764 UHS
765 BRSP
766 MOMO
767 UNVR
768 JJT
769 CLFD
770 TRVG
771 SVRA
772 GWW
773 MGNX
774 ALTU
775 CAI
776 GPRE
777 TTI
778 CHWY
779 LCII
780 DPZ
781 MATX
782 HLLY
783 MCFE
784 NMRD
785 KRG
786 PCEF
787 DRTT
788 MMSI
789 CELU
790 LYB
791 BPMP
792 LC
793 UFCS
794 ACI
795 STRL
796 SUPV
797 ASAN
798 LILM
799 CACC
800 BIL
801 CRUS
802 QEFA
803 CHH
804 AFMD
805 SLGN
806 MSA
807 PXJ
808 GCI
809 TPX
810 BEAM
811 RTH
812 DS
813 FIVE
814 FRGI
815 BWA
816 CAT
817 LTRN
818 KBWD
819 NYMX
820 ITUB
821 GWRE
822 VOXX
823 BIO
824 ARWR
825 DIN
826 TLT
827 QRVO
828 BCTX
829 BETZ
830 TAK
831 IOSP
832 DT
833 DEA
834 TPGY
835 USAP
836 SVXY
837 IGHG
838 SI
839 AGFY
840 HCC
841 HBM
842 VYGR
843 ACN
844 MDT
845 ATEX
846 DAR
847 ZKIN
848 APLT
849 CD
850 MLR
851 RIGL
852 NUE
853 SIVR
854 SPHD
855 DTM
856 ESTE
857 RYB
858 FMBI
859 SLQD
860 STGW
861 IONQ
862 BF
Exception
863 UTHR
864 EWA
865 YETI
866 STAB
867 PFI
868 IMKTA
869 ORGO
870 EVC
871 SRVR
872 TSCO
873 AGO
874 IMTM
875 JNJ
876 DOGZ
877 VBLT
878 ENVX
879 UYM
880 CTSH
881 BPOP
882 SHY
883 AAL
884 BRC
885 TREX
886 ICUI
887 SOLO
888 SHCR
889 VGIT
890 RUSL
891 ABNB
892 REPL
893 CMRE
894 EUM
895 VGR
896 PAYO
897 ONEY
898 BUZZ
899 IJR
900 ZD
901 SHOO
902 ZYXI
903 UUP
904 IDLV
905 UNFI
906 FNLC
907 KBE
908 BBIN
909 MUR
910 WDIV
911 KRA
912 ATO
913 FTXN
914 SNEX
915 NMTR
916 SCCO
917 HNP
918 BW
919 MT
920 VZIO
921 CGC
922 AWAY
923 VERU
924 SNA
925 SNPR
926 REXR
927 MORT
928 BSBR
929 ELS
930 CLBK
931 FXF
932 BRK
Exception
933 CSTM
934 BXP
935 AHAC
936 PSL
937 HAIN
938 CCI
939 MDP
940 IEUR
941 TEUM
942 VTC
943 QTNT
944 KRNY
945 FNDB
946 GE
947 ME
948 WEC
949 GTBP
950 ORGS
951 SIX
952 FTV
953 BIS
954 ROLL
955 REK
956 CPLG
957 DOW
958 MESO
959 VCYT
960 RWLK
961 NAK
962 PSQ
963 GOVZ
964 GPP
965 CYD
966 ANIP
967 LASR
968 NUVA
969 DISCK
970 OGE
971 TXT
972 PTR
973 VOT
974 HEI
975 TME
976 BNTX
977 VEEV
978 UNL
979 NG
980 ENS
981 TNDM
982 APAM
983 BCBP
984 VNTR
985 ALG
986 UAL
987 MOD
988 PRK
989 AFK
990 IMTX
991 TUEM
992 SJNK
993 BCE
994 IEZ
995 ACER
996 KURA
997 HSC
998 MXL
999 IZEA
1000 ITCI
1001 LAZ
1002 RHI
1003 ADAP
1004 ROP
1005 UWM
1006 KFY
1007 RELY
1008 BMRA
1009 ADIL
1010 VMBS
1011 AMED
1012 GRTS
1013 PWB
1014 UGI
1015 APG
1016 NMG
1017 ET
1018 AL
1019 SPH
1020 ARQQ
1021 MGNI
1022 KRON
1023 BZUN
1024 IRIX
1025 PEP
1026 INDI
1027 LSTR
1028 PEJ
1029 CAMP
1030 LXFR
1031 FSTR
1032 CGRN
1033 KNDI
1034 IIVI
1035 OSIS
1036 CMI
1037 BOIL
1038 PDS
1039 VKTX
1040 AAWW
1041 FOA
1042 CURI
1043 MO
1044 NAVI
1045 CPS
1046 GNOG
1047 CARS
1048 PAWZ
1049 XHS
1050 RDS
Exception
1051 UGL
1052 JJM
1053 SAH
1054 TRN
1055 GTES
1056 ENSG
1057 DXJ
1058 NTRA
1059 FTC
1060 FIXX
1061 AMR
1062 NTR
1063 PDFS
1064 ISRG
1065 EWU
1066 VMC
1067 CF
1068 SDC
1069 GREE
1070 SNPE
1071 ATMR
1072 FUTU
1073 GRWG
1074 BBCA
1075 CDEV
1076 CLBS
1077 APEI
1078 PAYS
1079 FYX
1080 NIB
1081 LMACA
1082 PARR
1083 MOON
1084 GMAB
1085 XTL
1086 BK
1087 MBWM
1088 VCSH
1089 AZN
1090 BJRI
1091 OPEN
1092 HMST
1093 BFOR
1094 REAL
1095 JNK
1096 XMHQ
1097 XYL
1098 POST
1099 PING
1100 NESR
1101 RCON
1102 TREE
1103 GRMN
1104 ADN
1105 DFAC
1106 MXI
1107 LZ
1108 PII
1109 GRFS
1110 USIO
1111 KT
1112 MDLZ
1113 GIC
1114 BDSI
1115 PBYI
1116 RJI
1117 IP
1118 HIW
1119 V
1120 SRT
1121 COO
1122 CMCL
1123 JHG
1124 REZ
1125 LTCH
1126 EZJ
1127 CCJ
1128 NEE
1129 PFMT
1130 EAGG
1131 NIO
1132 BILI
1133 GFI
1134 SNDX
1135 AUB
1136 BNDX
1137 HUGE
1138 EVFM
1139 STXS
1140 CHUY
1141 CQQQ
1142 PSNL
1143 PRTS
1144 TROX
1145 SYLD
1146 HEAR
1147 XMTR
1148 CCV
1149 COLB
1150 MARK
1151 RESN
1152 GTHX
1153 WEAT
1154 QD
1155 IBBJ
1156 FXR
1157 VIEW
1158 GLDD
1159 VIV
1160 TACO
1161 NIU
1162 NRXP
1163 PXF
1164 GSL
1165 CDLX
1166 EWV
1167 SPMB
1168 GIII
1169 ETAC
1170 OTEX
1171 HAYN
1172 NNI
1173 INTF
1174 GUSH
1175 TS
1176 IIIV
1177 TDIV
1178 CAN
1179 PBW
1180 TTNP
1181 RLGY
1182 STVN
1183 WIX
1184 NP
1185 AHT
1186 IYZ
1187 DD
1188 SANW
1189 CVCO
1190 CX
1191 IYE
1192 HCI
1193 GAMR
1194 OTLY
1195 AI
1196 NKLA
1197 DDD
1198 PRDO
1199 BATRK
1200 ARLP
1201 DIV
1202 SHW
1203 SCHV
1204 VNDA
1205 NFG
1206 DNN
1207 GOOD
1208 ALHC
1209 BCS
1210 ATY
1211 XLI
1212 NFE
1213 AMTX
1214 CCS
1215 MPLN
1216 VRSN
1217 PWFL
1218 GLCN
1219 VVPR
1220 ALB
1221 ZEST
1222 FHLC
1223 SUPN
1224 XSOE
1225 GIL
1226 EVOP
1227 BRMK
1228 CXM
1229 PRA
1230 AYX
1231 JEPI
1232 SYRS
1233 DNB
1234 ARKF
1235 GME
1236 SPXS
1237 AAU
1238 FTCH
1239 SAND
1240 VGT
1241 IMUX
1242 OXSQ
1243 LEA
1244 NRZ
1245 SO
1246 ONEQ
1247 ATHM
1248 MORN
1249 ASO
1250 GASS
1251 OKE
1252 CIEN
1253 TRX
1254 LSXMK
1255 AGX
1256 AMRC
1257 LINC
1258 ABEO
1259 RDNT
1260 FPXI
1261 RYAM
1262 YYY
1263 GSG
1264 YMTX
1265 SEAC
1266 ARC
1267 PFLT
1268 PAGP
1269 UNG
1270 JAMF
1271 THFF
1272 PCG
1273 AEHR
1274 ALTO
1275 CLVR
1276 SECT
1277 MBT
1278 ALLY
1279 BVH
1280 FBIZ
1281 TGB
1282 IBIO
1283 EQIX
1284 PGM
1285 VB
1286 AVO
1287 DFAI
1288 THO
1289 SMFR
1290 MCG
1291 CBZ
1292 WDFC
1293 CCOI
1294 NOVA
1295 BE
1296 EPV
1297 AXTA
1298 SRC
1299 VXUS
1300 PDCO
1301 FXO
1302 DB
1303 MDYV
1304 GPN
1305 BV
1306 TLRY
1307 ATRC
1308 MFA
1309 JBGS
1310 APPS
1311 UFI
1312 EGY
1313 AKRO
1314 COST
1315 ACCD
1316 SIOX
1317 AWR
1318 IRNT
1319 OZK
1320 EBS
1321 ASLE
1322 BIOX
1323 OPRX
1324 UMDD
1325 BIDU
1326 FIVN
1327 SWAV
1328 SPPI
1329 NGVC
1330 TSP
1331 LOGI
1332 HOOK
1333 PRGO
1334 MTZ
1335 HOLI
1336 MOXC
1337 CYBE
1338 MRKR
1339 AB
1340 MESA
1341 ITA
1342 SITE
1343 DHT
1344 LNN
1345 ICLR
1346 IDA
1347 CADE
1348 SWN
1349 YCL
1350 HLX
1351 SEM
1352 LCID
1353 CASA
1354 HUBB
1355 PSTG
1356 BC
1357 IGAC
1358 HYLN
1359 XOM
1360 EXPD
1361 AVDL
1362 ANTE
1363 LEGR
1364 AXU
1365 RPTX
1366 SNX
1367 EMKR
1368 SBUG
1369 PVH
1370 CHPT
1371 PCYO
1372 EVRG
1373 BGS
1374 ESI
1375 XLC
1376 JAGX
1377 RWK
1378 PBD
1379 SIRI
1380 RHP
1381 VT
1382 THCA
1383 EAF
1384 BBBY
1385 CRMD
1386 LII
1387 IBKR
1388 LIZI
1389 PJT
1390 KL
1391 VBIV
1392 VG
1393 KC
1394 VQS
1395 TCON
1396 FXZ
1397 ATEC
1398 WISA
1399 XMVM
1400 FARM
1401 SYNA
1402 HUN
1403 VTRS
1404 PLG
1405 GROM
1406 BAH
1407 ELMD
1408 ESS
1409 FNDF
1410 KAMN
1411 FUBO
1412 TRQ
1413 RCEL
1414 TOTL
1415 ZBRA
1416 AVA
1417 PG
1418 ARRY
1419 ZYNE
1420 ALNY
1421 CYH
1422 AQUA
1423 FFIE
1424 TOLZ
1425 HYZD
1426 DCBO
1427 PLCE
1428 RSKD
1429 DSPG
1430 QFIN
1431 TNL
1432 AUPH
1433 LFST
1434 SF
1435 GEOS
1436 ADS
1437 TM
1438 ALKS
1439 RAVE
1440 GOTU
1441 SASR
1442 PTLO
1443 CBD
1444 OVT
1445 SPR
1446 DBTX
1447 AAOI
1448 BSAC
1449 LGHL
1450 CATO
1451 BKR
1452 OGS
1453 IMXI
1454 FDRR
1455 GRAY
1456 EMAN
1457 FOLD
1458 RKDA
1459 CYTO
1460 FTEK
1461 PUBM
1462 OCFC
1463 TLMD
1464 ALBO
1465 RCM
1466 POWI
1467 XPEL
1468 TOWN
1469 SH
1470 BKH
1471 DUOL
1472 CEVA
1473 EEMA
1474 LILA
1475 CPRI
1476 VRNT
1477 LTHM
1478 LPLA
1479 SVFAU
1480 GPMT
1481 SBSW
1482 GLOB
1483 AR
1484 NVST
1485 OCGN
1486 CBSH
1487 CVBF
1488 IGM
1489 SPB
1490 WB
1491 POSH
1492 CPT
1493 SLRC
1494 VWE
1495 GROW
1496 PBPB
1497 CUTR
1498 TTEC
1499 AMCR
1500 PRVB
1501 EYEN
1502 MYMD
1503 SPIR
1504 TPC
1505 WYY
1506 UAA
1507 ZEN
1508 MRCY
1509 AGM
1510 HMY
1511 RMAX
1512 ENTX
1513 DLO
1514 FUL
1515 BTCM
1516 FBHS
1517 RLGT
1518 BMI
1519 TRC
1520 FMC
1521 CANO
1522 AIRC
1523 PICK
1524 OMP
1525 MIR
1526 XERS
1527 BREZ
1528 CLOV
1529 STKL
1530 PAYX
1531 MAA
1532 ACET
1533 AAN
1534 BEN
1535 EYE
1536 KIND
1537 SWI
1538 CZOO
1539 WCBR
1540 DXD
1541 SP
1542 HLT
1543 ORGN
1544 SCHR
1545 HGEN
1546 NVTS
1547 IONS
1548 IETC
1549 KRTX
1550 ESE
1551 AFG
1552 PETQ
1553 LMBS
1554 URTY
1555 WERN
1556 ISEE
1557 HIMX
1558 TT
1559 SCWX
1560 ONTF
1561 TMFC
1562 INCY
1563 PHB
1564 LAZY
1565 FEZ
1566 STNE
1567 LAMR
1568 LFG
1569 LGLV
1570 PAM
1571 VYMI
1572 CFRX
1573 VVI
1574 SPHY
1575 CENX
1576 MTW
1577 QQEW
1578 ONVO
1579 CVCY
1580 EWGS
1581 NBEV
1582 SLVM
1583 VINO
1584 BDN
1585 ESGC
1586 DYN
1587 TWI
1588 IBTX
1589 ETN
1590 PATH
1591 OLMA
1592 PLSE
1593 WKEY
1594 CWT
1595 IWS
1596 TXG
1597 HCA
1598 VNLA
1599 MRAM
1600 AP
1601 FLEX
1602 FFTY
1603 MERC
1604 VCLT
1605 GLYC
1606 EQ
1607 VLRS
1608 DVY
1609 PHM
1610 CLBT
1611 MPC
1612 XGN
1613 MTOR
1614 DTEC
1615 SHO
1616 AREC
1617 FBND
1618 SRDX
1619 THG
1620 GXG
1621 RWR
1622 CEW
1623 SHEN
1624 ATRA
1625 BNO
1626 EDU
1627 CCEP
1628 CPER
1629 SPSC
1630 PDSB
1631 MGM
1632 BYSI
1633 ANGL
1634 VMD
1635 CARG
1636 WLL
1637 BIG
1638 REMX
1639 HUBS
1640 AEYE
1641 HMTV
1642 SLP
1643 SBOW
1644 YVR
1645 CANE
1646 SFL
1647 HP
1648 NOW
1649 MUNI
1650 HCIC
1651 SCHB
1652 EPI
1653 API
1654 GWRS
1655 RILY
1656 PHIO
1657 CNMD
1658 FMTX
1659 PCY
1660 TRHC
1661 UHT
1662 GLPG
1663 LNTH
1664 SLV
1665 IIIN
1666 CBRE
1667 VEDL
1668 JOE
1669 FDVV
1670 CCXI
1671 TAIL
1672 BIOC
1673 PPG
1674 ZHDG
1675 VGLT
1676 PNTG
1677 AFRM
1678 HYFM
1679 EWK
1680 RYN
1681 PSXP
1682 WHR
1683 LW
1684 TSLX
1685 BOH
1686 FINV
1687 FGEN
1688 JJC
1689 CI
1690 GORO
1691 ABM
1692 ASND
1693 RNA
1694 KRMD
1695 DLX
1696 IVOL
1697 MMX
1698 WSBF
1699 ZWS
1700 VSCO
1701 SWX
1702 BBU
1703 URBN
1704 KBR
1705 CTBI
1706 FORM
1707 SJR
1708 USDP
1709 VEU
1710 CYB
1711 XL
1712 VDE
1713 RCAT
1714 KINS
1715 PLTK
1716 CIVB
1717 SPAB
1718 GEO
1719 FXI
1720 FWONA
1721 WLMS
1722 PSB
1723 OOTO
1724 FARO
1725 WMG
1726 AYRO
1727 ALPP
1728 MUB
1729 ICF
1730 JDST
1731 PTBD
1732 LSCC
1733 MCHI
1734 KOS
1735 CNNE
1736 NI
1737 COOK
1738 VBR
1739 STAG
1740 BRFS
1741 WRB
1742 TDS
1743 CL
1744 CTIC
1745 RVNC
1746 TOL
1747 CCCS
1748 AIIQ
1749 ZI
1750 TAC
1751 DGLY
1752 CERE
1753 IPO
1754 RNWK
1755 AVLR
1756 AU
1757 TD
1758 GTEK
1759 ACR
1760 ISSC
1761 FND
1762 XOP
1763 TLH
1764 UAVS
1765 NAUT
1766 CNC
1767 IAGG
1768 HAP
1769 SPTS
1770 DUK
1771 REGN
1772 ODP
1773 IWL
1774 JJS
1775 SIVB
1776 VATE
1777 ACA
1778 AKAM
1779 FFIC
1780 PEZ
1781 CUBE
1782 APYX
1783 XLG
1784 AIG
1785 SMFG
1786 SLNO
1787 AMWL
1788 SHYF
1789 CRON
1790 XSLV
1791 AOSL
1792 PSX
1793 EWBC
1794 MDYG
1795 DGL
1796 CRSP
1797 NEWR
1798 MGA
1799 VBTX
1800 SSO
1801 KRE
1802 FSV
1803 JNUG
1804 CODX
1805 FNV
1806 YQ
1807 STLD
1808 EVOK
1809 CAPR
1810 STTK
1811 NOV
1812 FWONK
1813 LMNL
1814 TWO
1815 XPOA
1816 CRTD
1817 INSP
1818 SAIC
1819 EPAC
1820 CPNG
1821 CRAI
1822 ORC
1823 UTSL
1824 MDRX
1825 AAXJ
1826 SDY
1827 GPL
1828 DEN
1829 TMDX
1830 GSAT
1831 PRIM
1832 MEI
1833 IJS
1834 LKNCY
1835 SDEM
1836 EGHT
1837 BSN
1838 AEP
1839 MRNA
1840 VOYA
1841 QUIK
1842 PRPB
1843 PLAN
1844 GNSS
1845 NSSC
1846 GVIP
1847 XPH
1848 FVRR
1849 GXC
1850 RNLX
1851 INVZ
1852 FDMT
1853 TECS
1854 PEB
1855 NTLA
1856 FHB
1857 CRDL
1858 ARR
1859 TAST
1860 A
1861 URI
1862 ASA
1863 OCX
1864 SIMO
1865 ADT
1866 NBTB
1867 CDTX
1868 PBI
1869 FNY
1870 CYCN
1871 RACE
1872 HOFT
1873 PSEC
1874 BKNG
1875 APTV
1876 SGH
1877 FSS
1878 EMN
1879 BOTZ
1880 EWI
1881 NOVT
1882 BLD
1883 CTG
1884 INMB
1885 PRCH
1886 BHP
1887 CMRX
1888 SLYV
1889 CLNN
1890 SJT
1891 VERX
1892 PSI
1893 SLYG
1894 BWXT
1895 LNSR
1896 JPST
1897 FNDX
1898 ATI
1899 ENZ
1900 OSH
1901 PEO
1902 OTMO
1903 NS
1904 USCI
1905 WETF
1906 BBEU
1907 CLDL
1908 MOO
1909 CSSE
1910 ZEUS
1911 CRNT
1912 BCLI
1913 DIVB
1914 JO
1915 MKC
1916 SCHP
1917 SRGA
1918 ARNA
1919 PHAS
1920 PFM
1921 CO
1922 MMI
1923 VRTX
1924 EOLS
1925 CYBR
1926 SDIV
1927 CVM
1928 BIZD
1929 DRN
1930 PLL
1931 VGK
1932 ROST
1933 SPSB
1934 BILL
1935 ABBV
1936 LOB
1937 GATX
1938 IGLB
1939 IMRA
1940 VSTM
1941 GII
1942 VYGG
1943 EL
1944 LFC
1945 CLNE
1946 RKT
1947 DSX
1948 GS
1949 CUBI
1950 VCR
1951 TX
1952 ICSH
1953 PBCT
1954 LPCN
1955 DEEP
1956 SIL
1957 VXRT
1958 CNR
1959 NEO
1960 LFTR
1961 MGC
1962 IRM
1963 SIEN
1964 WM
1965 SPHB
1966 CUZ
1967 FTI
1968 BTG
1969 CATY
1970 TNP
1971 GBDC
1972 MANT
1973 DYAI
1974 UWMC
1975 KCE
1976 RIVN
1977 NM
1978 ALIT
1979 SCHW
1980 JJN
1981 VUG
1982 XYLD
1983 HFFG
1984 XELA
1985 ACHC
1986 HYMC
1987 CLPT
1988 EDC
1989 LUNA
1990 PUMP
1991 AXDX
1992 NEGG
1993 VVV
1994 ESTC
1995 BALY
1996 FAB
1997 YNDX
1998 FCOM
1999 DAKT
2000 HLIT
2001 CAE
2002 PYPL
2003 CRM
2004 CNXN
2005 IBBQ
2006 INTT
2007 CRUZ
2008 ACTG
2009 LAW
2010 AMZA
2011 HDGE
2012 TTAC
2013 ITT
2014 PPA
2015 AEZS
2016 PSTI
2017 CBAT
2018 DRI
2019 CFFN
2020 GWAC
2021 ENR
2022 AZPN
2023 ALTG
2024 QCLN
2025 VOOV
2026 UA
2027 LILAK
2028 WSM
2029 KRNT
2030 CME
2031 OR
2032 PKOH
2033 CNOB
2034 MGIC
2035 FMS
2036 BEP
2037 RKLY
2038 BFLY
2039 TFSL
2040 ACGL
2041 MYTE
2042 JJSF
2043 CXP
2044 CR
2045 REKR
2046 DSI
2047 HE
2048 GLT
2049 VXZ
2050 FOE
2051 III
2052 HLIO
2053 SQM
2054 DHS
2055 FLRN
2056 NXTC
2057 SPLB
2058 ALLE
2059 KBH
2060 SOI
2061 CIT
2062 FHN
2063 WANT
2064 LFVN
2065 GNPX
2066 ESTA
2067 TRIT
2068 APO
2069 IMMR
2070 LIQT
2071 ICL
2072 EQX
2073 IWFH
2074 PSO
2075 CRSR
2076 SITC
2077 LEN
2078 UTSI
2079 CLSD
2080 MRNS
2081 AMRX
2082 PERI
2083 ALVR
2084 BLNK
2085 APOG
2086 GDYN
2087 APTX
2088 MNDT
2089 SDOW
2090 BBIG
2091 EEX
2092 RNG
2093 CKPT
2094 NUVB
2095 IBB
2096 UHAL
2097 OC
2098 SCHL
2099 DBA
2100 VICI
2101 GURU
2102 SHE
2103 FBT
2104 AJRD
2105 SIFY
2106 RF
2107 CAH
2108 PNQI
2109 NTGR
2110 ZG
2111 DNA
2112 UVE
2113 TTMI
2114 CNP
2115 POLY
2116 TTT
2117 PXI
2118 WFG
2119 DRVN
2120 XLNX
2121 LAZR
2122 FTXL
2123 KLIC
2124 VOE
2125 FTXO
2126 CRI
2127 SAIA
2128 IPOF
2129 ONLN
2130 NUSI
2131 PST
2132 ALSN
2133 CAC
2134 CND
2135 SYPR
2136 WTFC
2137 ASPS
2138 ROG
2139 ATNF
2140 UVV
2141 HMN
2142 PAAS
2143 PEN
2144 PINC
2145 MGEE
2146 HII
2147 HESM
2148 RDIV
2149 FNF
2150 FNDC
2151 VRAY
2152 HASI
2153 ADUS
2154 AVIR
2155 STFC
2156 CNDT
2157 VWO
2158 DRNA
2159 UBT
2160 OXY
2161 CS
2162 CAG
2163 PGNY
2164 INVO
2165 GNUS
2166 HTGC
2167 KIDS
2168 PPH
2169 ALZN
2170 ADES
2171 CLI
2172 LLNW
2173 BROS
2174 AIR
2175 RPM
2176 FLO
2177 IDNA
2178 HIBS
2179 ABCL
2180 CMF
2181 HRI
2182 SCHO
2183 IYR
2184 IIN
2185 KAR
2186 MN
2187 RSG
2188 SOHU
2189 VEGI
2190 PIO
2191 LBRT
2192 ERYP
2193 NOA
2194 APPF
2195 MSTR
2196 VMI
2197 INSM
2198 ROCC
2199 ONEM
2200 BQ
2201 RDFN
2202 WU
2203 VHT
2204 IWC
2205 NOK
2206 HJEN
2207 SOXX
2208 YXI
2209 LMRK
2210 KREF
2211 ACVA
2212 IR
2213 KW
2214 IFGL
2215 USMV
2216 CRTO
2217 MPWR
2218 AQST
2219 GERN
2220 GENC
2221 CFLT
2222 NSA
2223 VLU
2224 NWSA
2225 VIPS
2226 KNTE
2227 CINF
2228 FIVG
2229 LMB
2230 EMTY
2231 ADI
2232 INMD
2233 VAC
2234 NDX
2235 TRUE
2236 NX
2237 VIRX
2238 LYV
2239 IJK
2240 CHCO
2241 VIA
2242 LAC
2243 BAC
2244 AER
2245 ARMK
2246 ONDS
2247 FXP
2248 EDUT
2249 GTS
2250 TDUP
2251 SPWH
2252 GMTX
2253 RZV
2254 QQQ
2255 CTT
2256 XMLV
2257 DOOO
2258 GRBK
2259 NLSN
2260 WMK
2261 SMIN
2262 PIRS
2263 IDRA
2264 ACC
2265 CALF
2266 SHPW
2267 DVA
2268 PCH
2269 BATT
2270 PCYG
2271 TREB
2272 KALV
2273 BBAR
2274 IBCP
2275 ABC
2276 CRC
2277 HFC
2278 TWTR
2279 SCHN
2280 TECL
2281 FLT
2282 CAL
2283 HRMY
2284 STNG
2285 SMP
2286 USHY
2287 INFL
2288 OCN
2289 QIWI
2290 GROY
2291 HZO
2292 PRTY
2293 IBP
2294 IOVA
2295 CHKP
2296 BIGC
2297 DPRO
2298 EIG
2299 NWN
2300 FISI
2301 IEFA
2302 ANGI
2303 SGOL
2304 MIXT
2305 NLTX
2306 HLNE
2307 UMBF
2308 VMEO
2309 IYH
2310 MDB
2311 CIB
2312 MGI
2313 AIN
2314 JBHT
2315 IYG
2316 VIAV
2317 RRC
2318 ALFA
2319 SRG
2320 KDNY
2321 MNRO
2322 LRN
2323 EQOS
2324 RFV
2325 RVMD
2326 PLAY
2327 FIDU
2328 INTZ
2329 JPUS
2330 LBAI
2331 ARAY
2332 CCL
2333 GMBL
2334 SMPL
2335 CIA
2336 BMRN
2337 CAJ
2338 NYC
2339 FCRD
2340 SVM
2341 SDVY
2342 PFF
2343 VONG
2344 YELL
2345 NTCT
2346 LHDX
2347 CRBN
2348 SKF
2349 IEI
2350 PANL
2351 FNDA
2352 INOV
2353 MSI
2354 GPS
2355 HI
2356 BX
2357 FUN
2358 FIGS
2359 WOR
2360 WOW
2361 XHE
2362 AVNW
2363 DSEY
2364 DOV
2365 DBI
2366 UEC
2367 DXPE
2368 CONX
2369 SAFM
2370 DUST
2371 NSIT
2372 ACM
2373 ARDX
2374 SPI
2375 BELFB
2376 MIC
2377 MFG
2378 KSU
2379 MRTN
2380 CDNS
2381 IIPR
2382 NTB
2383 VLD
2384 PTVE
2385 VFVA
2386 QUBT
2387 SUMO
2388 CURO
2389 GLPI
2390 SM
2391 QIPT
2392 STOK
2393 BXRX
2394 VIACA
2395 FROG
2396 CERN
2397 MGTA
2398 XHB
2399 CUT
2400 FTAI
2401 RCUS
2402 GNW
2403 CP
2404 KALA
2405 LHX
2406 SJW
2407 RM
2408 OPTT
2409 LOOP
2410 PKX
2411 QRHC
2412 HHC
2413 PEG
2414 JHML
2415 FTSL
2416 TGS
2417 QQQE
2418 UYG
2419 INCO
2420 MTA
2421 USFD
2422 SLGL
2423 SNP
2424 SYNH
2425 SPGM
2426 NXTG
2427 RODM
2428 AXGN
2429 KD
2430 AFYA
2431 ZUO
2432 FTDR
2433 ICLN
2434 GTLB
2435 FLXN
2436 LOCO
2437 RFP
2438 GTX
2439 WCC
2440 NWG
2441 SPTM
2442 JCI
2443 TFFP
2444 BNED
2445 CMC
2446 DOCS
2447 VTR
2448 MLM
2449 HRC
2450 G
2451 RYH
2452 VYM
2453 ATGE
2454 MG
2455 BBWI
2456 WSO
2457 CLOU
2458 FTSM
2459 GLOP
2460 CONN
2461 BYRN
2462 LOMA
2463 LTC
2464 CRL
2465 KNBE
2466 ITM
2467 ECOL
2468 TCMD
2469 DMAC
2470 CEMI
2471 OOMA
2472 BHVN
2473 COLD
2474 ZYME
2475 APR
2476 WDC
2477 VRP
2478 KLNE
2479 DRRX
2480 KRMA
2481 EXC
2482 KEP
2483 CHRW
2484 PSA
2485 HMLP
2486 XRAY
2487 SVC
2488 JAZZ
2489 VRS
2490 SPX
Exception
2491 SEDG
2492 PSCD
2493 AXSM
2494 ETSY
2495 COUR
2496 HAYW
2497 VNOM
2498 GNLN
2499 SPHQ
2500 FOCS
2501 VRRM
2502 GNL
2503 SUSL
2504 NMM
2505 GAIA
2506 CTSO
2507 BB
2508 ONON
2509 MOS
2510 CULP
2511 ZEPP
2512 SKY
2513 HA
2514 HCAT
2515 WWR
2516 BRZU
2517 KLDO
2518 DJP
2519 FULT
2520 CALM
2521 PFG
2522 PMCB
2523 MCO
2524 REV
2525 AMAT
2526 PFGC
2527 VWTR
2528 DTN
2529 ICLK
2530 FCN
2531 CXDC
2532 GAZ
2533 NRDS
2534 MGK
2535 HYS
2536 IPAY
2537 RBOT
2538 BPMC
2539 SFBS
2540 LOVE
2541 MEOH
2542 HEES
2543 BGCP
2544 FCEL
2545 DLHC
2546 MCHP
2547 MGLN
2548 UMPQ
2549 BHE
2550 NL
2551 DLS
2552 BZQ
2553 MFIN
2554 AA
2555 AEL
2556 ECH
2557 TMAT
2558 FSLY
2559 IGT
2560 EVTC
2561 PYR
2562 OPAD
2563 DPST
2564 WLK
2565 VIXM
2566 ICVT
2567 STIM
2568 GOOGL
2569 VOOG
2570 USMC
2571 IPOD
2572 GNRS
2573 ENPH
2574 MCF
2575 WSBC
2576 CMTL
2577 JSPR
2578 GOAU
2579 RH
2580 DY
2581 IWR
2582 TAL
2583 APTO
2584 FUSN
2585 FLOW
2586 UBA
2587 GLMD
2588 PXH
2589 JKHY
2590 BRX
2591 BFIT
2592 VSAT
2593 AQB
2594 SCJ
2595 NAN
2596 UNIT
2597 NGL
2598 YOU
2599 GPRO
2600 FMAT
2601 FITB
2602 NR
2603 GDOT
2604 CHGG
2605 TXN
2606 DBVT
2607 MMC
2608 CNCE
2609 AMRS
2610 MIDD
2611 EHC
2612 SUBZ
2613 PCOM
2614 SENS
2615 MGY
2616 OMAB
2617 DAX
2618 MQ
2619 RCII
2620 TRGP
2621 VAPO
2622 ENTA
2623 PACB
2624 URGN
2625 ASHS
2626 VIAC
2627 WEX
2628 KNSL
2629 URA
2630 MKTX
2631 FSP
2632 CDMO
2633 SFT
2634 ATLC
2635 GWH
2636 MMP
2637 BKKT
2638 KB
2639 CATH
2640 SPTN
2641 COP
2642 GLL
2643 IGSB
2644 FF
2645 IVAC
2646 IZRL
2647 ED
2648 WST
2649 TWNK
2650 GEL
2651 PRAX
2652 BCEI
2653 EXLS
2654 NEWT
2655 SPGP
2656 NHI
2657 MYE
2658 SONY
2659 DVN
2660 EVR
2661 EGP
2662 ADBE
2663 HOPE
2664 CTRM
2665 DRD
2666 GNRC
2667 ITOS
2668 FHTX
2669 SGTX
2670 FPE
2671 DGX
2672 FV
2673 IYF
2674 EH
2675 ONCS
2676 FUTY
2677 FXD
2678 MCW
2679 THD
2680 TMF
2681 ALTY
2682 FAZ
2683 ARCH
2684 BATRA
2685 LPTX
2686 AMSWA
2687 DNUT
2688 CIBR
2689 IVW
2690 PTEN
2691 MTD
2692 BIV
2693 TYD
2694 IEMG
2695 WPS
2696 AMRK
2697 EWD
2698 SILJ
2699 DMLP
2700 MZZ
2701 MRK
2702 RGNX
2703 SPCE
2704 DTEA
2705 MIDU
2706 IBM
2707 ONCT
2708 AGYS
2709 JPM
2710 KNSA
2711 XP
2712 SPEU
2713 BGRY
2714 SAVE
2715 UIHC
2716 PXE
2717 AGFS
2718 ROCK
2719 LRMR
2720 SLX
2721 DBP
2722 QYLD
2723 WEBS
2724 FREE
2725 TROO
2726 USAK
2727 XPDI
2728 BSMX
2729 DEM
2730 AMPH
2731 SPGI
2732 MEXX
2733 OSK
2734 NEP
2735 KR
2736 DFNS
2737 ESPR
2738 ILF
2739 SPDW
2740 EQNR
2741 MMAT
2742 BRG
2743 CROC
2744 IMH
2745 EXI
2746 GBT
2747 XSPA
2748 MAC
2749 SINO
2750 IYC
2751 SNCR
2752 KXI
2753 GXO
2754 LSXMA
2755 VOLT
2756 AGCB
2757 GLD
2758 ASUR
2759 SBS
2760 TALK
2761 CVNA
2762 HTBK
2763 CRBU
2764 STOR
2765 E
2766 LGIH
2767 PLMR
2768 HOMZ
2769 IWX
2770 PAHC
2771 KMI
2772 BCO
2773 DWAC
2774 EWW
2775 IFN
2776 LDEM
2777 SESN
2778 SCHX
2779 FTAG
2780 WKHS
2781 TENB
2782 LEVI
2783 HYLB
2784 PCRX
2785 TUSK
2786 BCC
2787 GLTO
2788 SRCE
2789 CHIX
2790 S
2791 RAD
2792 YEXT
2793 RSX
2794 WE
2795 ARKX
2796 HALL
2797 TTCF
2798 TTSH
2799 SURF
2800 DEI
2801 KODK
2802 KHC
2803 LECO
2804 UIS
2805 HSKA
2806 BEST
2807 PRTK
2808 PTLC
2809 PDBC
2810 GRN
2811 LYFT
2812 KFVG
2813 FLQL
2814 TRTX
2815 SAP
2816 VRT
2817 PHG
2818 EDIT
2819 PAA
2820 SIZE
2821 CACI
2822 GLAD
2823 AWRE
2824 THRY
2825 CAAS
2826 SYBX
2827 SB
2828 FSK
2829 AGR
2830 ARVL
2831 BANC
2832 BCDA
2833 HEDJ
2834 UDN
2835 STWD
2836 VET
2837 KEYS
2838 IRBT
2839 WIRE
2840 STKS
2841 INFO
2842 CPF
2843 YMM
2844 SMBC
2845 RUTH
2846 OMER
2847 TXRH
2848 MET
2849 EMLP
2850 ORA
2851 HTBI
2852 SUNW
2853 GSS
2854 TWIN
2855 KAI
2856 ELA
2857 BANF
2858 FTK
2859 SFY
2860 EMX
2861 PGR
2862 SCOR
2863 DLB
2864 CTXR
2865 AVCT
2866 TEX
2867 SGMS
2868 NEWP
2869 SRAD
2870 PDN
2871 SRPT
2872 SNBR
2873 CZNC
2874 LUNG
2875 BOND
2876 FRG
2877 SEE
2878 EGLE
2879 HBAN
2880 BRF
2881 MKSI
2882 SIBN
2883 FAS
2884 RCKT
2885 WNEB
2886 PRFZ
2887 BBP
2888 RWX
2889 INSG
2890 NRDY
2891 PRNT
2892 KULR
2893 BMTC
2894 VRTV
2895 IHE
2896 UFPI
2897 EPIX
2898 SPTL
2899 ASTS
2900 GLBE
2901 GHYB
2902 BHLB
2903 MILE
2904 NTES
2905 PATK
2906 MREO
2907 RNST
2908 TPVG
2909 IGIC
2910 TLYS
2911 ETWO
2912 FORR
2913 DE
2914 GRID
2915 HROW
2916 ROBT
2917 BFI
2918 IQV
2919 AEIS
2920 UTZ
2921 VNT
2922 ORAN
2923 OLED
2924 CRS
2925 KPLT
2926 BCAB
2927 PHAT
2928 AIV
2929 AVTX
2930 SMED
2931 PAG
2932 OZON
2933 AGRX
2934 NVCR
2935 FEP
2936 SANA
2937 DGICA
2938 TCX
2939 LAD
2940 DFEN
2941 RYAN
2942 AMC
2943 AGQ
2944 AGEN
2945 APP
2946 ALK
2947 BRKR
2948 XMMO
2949 WAL
2950 SKYY
2951 MKTW
2952 ICFI
2953 SCPH
2954 FXC
2955 CPSH
2956 SMAR
2957 UPWK
2958 GOGO
2959 VZ
2960 IQLT
2961 MBB
2962 SIEB
2963 AZEK
2964 PTMN
2965 TBBK
2966 XLU
2967 TEVA
2968 SMN
2969 SILK
2970 ENBL
2971 INGR
2972 DAL
2973 CHRA
2974 FAST
2975 ECOM
2976 CARZ
2977 CLH
2978 KMB
2979 VBK
2980 CMLT
2981 UPLD
2982 DISH
2983 SEAH
2984 TARA
2985 AFIB
2986 FVD
2987 RCI
2988 FLBR
2989 RL
2990 GOLF
2991 SOVO
2992 RCD
2993 FOUR
2994 ABG
2995 VIST
2996 TSQ
2997 PFSW
2998 PDM
2999 TSM
3000 LAND
3001 DFAS
3002 IGE
3003 FBP
3004 NXST
3005 BRP
3006 QTEC
3007 HXL
3008 CDW
3009 VFC
3010 GDRX
3011 AFTY
3012 PETS
3013 NNDM
3014 YPF
3015 TKC
3016 MINT
3017 SBAC
3018 GBX
3019 MBUU
3020 WOOF
3021 MHO
3022 KMPR
3023 NAPA
3024 BFAM
3025 CIVI
3026 BDSX
3027 IWM
3028 SCHC
3029 CWEN
3030 YALA
3031 FNX
3032 MYOV
3033 SBUX
3034 MDU
3035 CLDX
3036 GRUB
3037 ELVT
3038 CYTK
3039 AQN
3040 SQ
3041 AFIN
3042 INBX
3043 PANW
3044 ZTO
3045 ESGU
3046 EBON
3047 NEM
3048 AHCO
3049 ROOT
3050 REW
3051 AVT
3052 TCS
3053 SPG
3054 DELL
3055 IDV
3056 SCHE
3057 HR
3058 FNB
3059 SAGE
3060 FLWS
3061 TPR
3062 ATCO
3063 MMS
3064 CRK
3065 SNSR
3066 PTC
3067 SLB
3068 RXDX
3069 VEA
3070 HELE
3071 INFU
3072 ASHR
3073 BLV
3074 PNW
3075 TTOO
3076 PBFX
3077 DXC
3078 TRV
3079 GENY
3080 NKE
3081 CHAU
3082 AVYA
3083 BLDP
3084 SCU
3085 LORL
3086 HACK
3087 FLS
3088 LJPC
3089 TAP
3090 OSPN
3091 DTE
3092 EEM
3093 CTLP
3094 IXN
3095 FCX
3096 ORLY
3097 COMP
3098 PRG
3099 R
3100 TLIS
3101 TDG
3102 NJR
3103 DCI
3104 BLCN
3105 MEDP
3106 TNET
3107 FOXA
3108 DECK
3109 EBIX
3110 KOLD
3111 CPK
3112 CMCT
3113 DIVO
3114 VNQI
3115 SPCX
3116 PRSR
3117 PK
3118 ABEV
3119 BITF
3120 HEWG
3121 HDSN
3122 ZSL
3123 CLLS
3124 WRLD
3125 PTON
3126 ALV
3127 SOCL
3128 ESGE
3129 TWOU
3130 AMPY
3131 APLS
3132 QUS
3133 AMT
3134 FCUV
3135 SAFT
3136 SQSP
3137 CPRX
3138 JPEM
3139 ABCB
3140 ENLV
3141 BBH
3142 ACMR
3143 MUDS
3144 IMMP
3145 ETRN
3146 OMCL
3147 JKS
3148 SPYD
3149 ALGM
3150 SLGG
3151 VLY
3152 QCOM
3153 NGS
3154 BL
3155 SFE
3156 EAST
3157 NERD
3158 SMG
3159 QQH
3160 CPB
3161 LIFE
3162 SPRO
3163 AMGN
3164 EA
3165 QDF
3166 CRWD
3167 TSN
3168 QABA
3169 BBVA
3170 MD
3171 CRDF
3172 AXON
3173 ZNGA
3174 VRM
3175 ETNB
3176 IMOS
3177 SUI
3178 HEXO
3179 GOOG
3180 BKF
3181 GSIE
3182 SGU
3183 ZION
3184 PZA
3185 OPFI
3186 ORIC
3187 M
3188 TFI
3189 MTSI
3190 TGT
3191 CYXT
3192 DBJP
3193 SILX
3194 IDT
3195 LWLG
3196 TDC
3197 WMB
3198 WDAY
3199 ACH
3200 BBCP
3201 MFH
3202 SDOG
3203 OFC
3204 QCRH
3205 IVV
3206 JFIN
3207 GTLS
3208 ADCT
3209 EDZ
3210 STON
3211 COTY
3212 XLY
3213 AXAS
3214 STBA
3215 VCNX
3216 CLIR
3217 BTRS
3218 SBSI
3219 MVST
3220 DGRS
3221 RXRX
3222 PEBO
3223 CHRS
3224 WELL
3225 DOCU
3226 BBAX
3227 CHX
3228 SXI
3229 DFJ
3230 KFS
3231 AM
3232 JJP
3233 PPBT
3234 CTEC
3235 MC
3236 HLI
3237 DFAT
3238 NGD
3239 NCR
3240 GLP
3241 AGZ
3242 HVT
3243 PWR
3244 TTE
3245 PAVE
3246 RVPH
3247 ACEL
3248 NETL
3249 SHBI
3250 CAPL
3251 SJM
3252 ABUS
3253 RC
3254 HTZ
3255 FOR
3256 PHX
3257 ALDX
3258 CPSI
3259 KBNT
3260 EWY
3261 BLL
3262 GDXJ
3263 FPI
3264 PLTR
3265 GIS
3266 ATOM
3267 DDG
3268 KROS
3269 ECPG
3270 AMNB
3271 STE
3272 CFX
3273 JEF
3274 FBNC
3275 GD
3276 CNTTQ
3277 NOVN
3278 SAVA
3279 GEM
3280 CLX
3281 NOMD
3282 LODE
3283 IWV
3284 ATAX
3285 UXIN
3286 NXE
3287 PRQR
3288 SSSS
3289 Z
3290 WAB
3291 NMR
3292 SGC
3293 CRY
3294 TOKE
3295 EWM
3296 JJE
3297 BUSE
3298 EAT
3299 WD
3300 MTUM
3301 EGAN
3302 FRI
3303 DVAX
3304 GH
3305 DOX
3306 TWST
3307 JJU
3308 SEIC
3309 BMO
3310 TARO
3311 RXL
3312 FN
3313 SYY
3314 LEGN
3315 IUSG
3316 EEV
3317 SYK
3318 PNM
3319 VYNE
3320 DLN
3321 BNTC
3322 STSA
3323 CDE
3324 CROX
3325 NET
3326 FDS
3327 OIH
3328 VIG
3329 PULS
3330 AGNC
3331 VCTR
3332 AZO
3333 SSL
3334 SLS
3335 EXPE
3336 IHI
3337 EPAM
3338 STEM
3339 CENTA
3340 MPX
3341 YCS
3342 MARA
3343 RPV
3344 AEO
3345 AMSC
3346 PLBY
3347 DSPC
3348 TTM
3349 SSB
3350 IRTC
3351 COIN
3352 RPRX
3353 AUTL
3354 FYC
3355 HTHT
3356 JRVR
3357 GOCO
3358 RLX
3359 NGVT
3360 BRPM
3361 MSFT
3362 KEMQ
3363 BSIG
3364 JBI
3365 SQFT
3366 BABA
3367 BSQR
3368 VNRX
3369 FATE
3370 CASS
3371 LQDI
3372 BTBT
3373 CVLG
3374 ESSC
3375 FOSL
3376 AMLP
3377 MNTV
3378 ALTR
3379 CVGI
3380 NTP
3381 SPLK
3382 TITN
3383 CONE
3384 SCVL
3385 FRBA
3386 GNOM
3387 TK
3388 FBC
3389 EBF
3390 ARKK
3391 GTN
3392 OMC
3393 MTCH
3394 ACCO
3395 IDCC
3396 CCF
3397 PLAB
3398 ROK
3399 ACHR
3400 OSG
3401 ORN
3402 PTRA
3403 TMHC
3404 DES
3405 TOUR
3406 OEC
3407 RGEN
3408 ADSK
3409 KBA
3410 CNBS
3411 XLF
3412 CIFR
3413 COOP
3414 PFE
3415 THTX
3416 CSWC
3417 OIS
3418 BHIL
3419 GVI
3420 FDIS
3421 SPT
3422 XENE
3423 IYJ
3424 MAXR
3425 WHD
3426 TMQ
3427 BLX
3428 CIR
3429 RXT
3430 KDP
3431 GSM
3432 CNSL
3433 KMX
3434 MJ
3435 EYPT
3436 SUM
3437 EES
3438 GDDY
3439 KNOP
3440 FLCH
3441 VOD
3442 OCG
3443 WABC
3444 EFZ
3445 DVYE
3446 LFMD
3447 CNM
3448 IMBI
3449 SGMO
3450 PIN
3451 EPC
3452 POWW
3453 WES
3454 HLMN
3455 GWB
3456 REED
3457 OLLI
3458 SQQQ
3459 XTN
3460 MODV
3461 HNGR
3462 HURN
3463 CGNT
3464 TPH
3465 SMMD
3466 KOF
3467 FLIC
3468 MORF
3469 FLDM
3470 ATRO
3471 BMBL
3472 GNR
3473 LDOS
3474 RDI
3475 SSP
3476 HGV
3477 UFS
3478 GRPN
3479 CSTR
3480 VNO
3481 B
3482 FDX
3483 PGTI
3484 SII
3485 MTH
3486 GLRE
3487 AMPL
3488 EFAV
3489 BARK
3490 AMH
3491 NEW
3492 YCBD
3493 PAE
3494 OCUP
3495 TRYP
3496 AMD
3497 ARAV
3498 GDX
3499 RKLB
3500 PCTY
3501 YORW
3502 IRDM
3503 RTLR
3504 ALC
3505 SNDR
3506 LVO
3507 TCPC
3508 QMCO
3509 DASH
3510 FNDE
3511 LXRX
3512 ANGO
3513 HAIL
3514 MITT
3515 FMX
3516 SGDM
3517 LIT
3518 BAM
3519 GOED
3520 TDW
3521 BOOM
3522 DTOX
3523 ZDGE
3524 CRH
3525 NOG
3526 PSTX
3527 AVAN
3528 TCBK
3529 QTWO
3530 SRS
3531 CGA
3532 ATXS
3533 NERV
3534 GLNG
3535 ENG
3536 VIS
3537 WRAP
3538 VPL
3539 DIOD
3540 QLGN
3541 TJX
3542 NEPT
3543 DCPH
3544 GAU
3545 MMYT
3546 RBAC
3547 PRPH
3548 SREV
3549 CQP
3550 DZSI
3551 NBRV
3552 STLA
3553 GOLD
3554 ASPN
3555 CMPR
3556 COUP
3557 RING
3558 BEPC
3559 QLYS
3560 RDY
3561 DHC
3562 HCKT
3563 IJJ
3564 RCL
3565 VMW
3566 LL
3567 IDEX
3568 RMBL
3569 GSIT
3570 SUSA
3571 BCM
3572 SECO
3573 NWL
3574 TU
3575 IBRX
3576 YANG
3577 CNO
3578 USFR
3579 SRLN
3580 MAS
3581 DOYU
3582 FBK
3583 OCDX
3584 TMCI
3585 TSAT
3586 WEBR
3587 MYGN
3588 GGB
3589 CE
3590 SPVU
3591 FPAC
3592 NYCB
3593 NOAH
3594 FTXH
3595 CCO
3596 ZNH
3597 MLKN
3598 ASRT
3599 WBX
3600 PKI
3601 PDP
3602 ONCR
3603 JOET
3604 VFF
3605 QTUM
3606 FIX
3607 VVNT
3608 IXJ
3609 DCP
3610 EQH
3611 GIG
3612 IDXX
3613 DQ
3614 NNBR
3615 SMHI
3616 REI
3617 SCHK
3618 ENZL
3619 SLGC
3620 NEOG
3621 ECON
3622 KERN
3623 IHAK
3624 VICR
3625 SAM
3626 SWM
3627 SMCI
3628 VIR
3629 TUR
3630 SRRK
3631 SSTK
3632 STM
3633 RLAY
3634 BSRR
3635 TDOC
3636 CURE
3637 BCRX
3638 BNS
3639 EVGO
3640 NXGN
3641 TRNO
3642 PACW
3643 PODD
3644 RELL
3645 PSP
3646 INDY
3647 NWBI
3648 SNPO
3649 AGRO
3650 RDUS
3651 SNOW
3652 NTEST
3653 DSP
3654 LESL
3655 LNDC
3656 UEIC
3657 UXI
3658 WASH
3659 FMNB
3660 HCCI
3661 DGII
3662 ESRT
3663 CENT
3664 IMVT
3665 LPG
3666 MOGO
3667 TVTY
3668 AVGO
3669 FXE
3670 SWBI
3671 HPP
3672 IRT
3673 EDAP
3674 CAAP
3675 ANAT
3676 HRL
3677 LBJ
3678 DHR
3679 TTGT
3680 BWX
3681 CCAC
3682 OWLT
3683 SGEN
3684 WOOD
3685 MA
3686 CHS
3687 CERS
3688 ARCC
3689 RBA
3690 SRTS
3691 SCO
3692 SKLZ
3693 CWH
3694 SLQT
3695 HAS
3696 EURN
3697 SPLV
3698 CNI
3699 NTAP
3700 ARGT
3701 EQC
3702 OLO
3703 CARR
3704 HBIO
3705 LITE
3706 EC
3707 TRS
3708 CYRX
3709 GPC
3710 ING
3711 MAGA
3712 RIG
3713 LUB
3714 MUX
3715 AUY
3716 IWD
3717 SCHM
3718 KLR
3719 NDSN
3720 EEMV
3721 VEC
3722 TCN
3723 SFIX
3724 BKLN
3725 PRFT
3726 ULTA
3727 PBE
3728 DBV
3729 PZN
3730 AGS
3731 MVP
3732 AYI
3733 EWJ
3734 APPN
3735 MLI
3736 AIMC
3737 XLB
3738 YINN
3739 SWK
3740 EXPI
3741 CVS
3742 ROKU
3743 FANH
3744 DSL
3745 TCOM
3746 NCBS
3747 XXII
3748 ADTN
3749 PSCH
3750 CCLP
3751 ADTX
3752 DRIP
3753 KIE
3754 GINN
3755 ATUS
3756 INVH
3757 ACWV
3758 VC
3759 ASYS
3760 FSTX
3761 DGS
3762 JG
3763 JYNT
3764 VRSK
3765 IFF
3766 PRTA
3767 META
3768 QUMU
3769 SCI
3770 AZZ
3771 THCX
3772 HYRE
3773 CALX
3774 COPX
3775 NYT
3776 AVUS
3777 PEI
3778 AMRN
3779 WYNN
3780 CFB
3781 ABB
3782 LULU
3783 VREX
3784 PUTW
3785 KELYA
3786 HOLX
3787 SOLY
3788 TELL
3789 EFSC
3790 XOMA
3791 SMSI
3792 BIB
3793 LBTYK
3794 CLPS
3795 BRY
3796 VV
3797 TGI
3798 DBO
3799 WISH
3800 F
3801 UVXY
3802 BCI
3803 OBLG
3804 MEIP
3805 ASXC
3806 NCTY
3807 RBCAA
3808 PLUG
3809 KTOS
3810 MCS
3811 LAKE
3812 DBS
3813 DFE
3814 KRYS
3815 FNGS
3816 PRO
3817 CARE
3818 IXP
3819 UMC
3820 BKYI
3821 XPOF
3822 ZVO
3823 PXLW
3824 WK
3825 UTL
3826 EVRI
3827 SDS
3828 HQY
3829 PLXS
3830 LAUR
3831 EWS
3832 ORLA
3833 BDTX
3834 JJG
3835 INSW
3836 ATCX
3837 RE
3838 MUSA
3839 ENLC
3840 GOL
3841 ITRI
3842 STL
3843 CURV
3844 HDB
3845 STIP
3846 ADVM
3847 DRV
3848 CDNA
3849 MGTX
3850 OTIS
3851 CWI
3852 UMH
3853 BLK
3854 MBIO
3855 VCIT
3856 NRIX
3857 CORR
3858 FPH
3859 EVLV
3860 BF
Exception
3861 EARN
3862 SNY
3863 CVE
3864 TFX
3865 TILE
3866 TPTX
3867 PLUS
3868 SPIP
3869 ATNX
3870 CLF
3871 BAX
3872 GRC
3873 MCD
3874 HEPA
3875 BTCY
3876 DBRG
3877 BKE
3878 CTXS
3879 EQT
3880 OHI
3881 TALO
3882 MJXL
3883 ASRV
3884 CVAC
3885 LOV
3886 UPST
3887 TMST
3888 HWM
3889 CRHC
3890 KARS
3891 MFC
3892 FXY
3893 MNRL
3894 HYLV
3895 XPP
3896 THRM
3897 NFRA
3898 SCZ
3899 RGLS
3900 XLV
3901 ICPT
3902 ITI
3903 KSA
3904 GSBC
3905 IO
3906 ATMP
3907 LNG
3908 EFAS
3909 WNS
3910 IMGN
3911 CMS
3912 TISI
3913 TR
3914 MU
3915 JNPR
3916 SMMT
3917 ERJ
3918 WMS
3919 SKT
3920 IDU
3921 GT
3922 BBDC
3923 FRT
3924 CFG
3925 CBIO
3926 SLVP
3927 CCMP
3928 INDB
3929 FWRD
3930 TIPT
3931 ONTO
3932 ALEX
3933 BG
3934 OGIG
3935 PYPD
3936 HDV
3937 PSCM
3938 MSOS
3939 BXC
3940 TIXT
3941 SCS
3942 RRX
3943 VRNA
3944 IHF
3945 KBWB
3946 AXS
3947 AMTI
3948 AUDC
3949 PGEN
3950 MTCR
3951 FDNI
3952 NLS
3953 CTRE
3954 CPSS
3955 VALE
3956 CXSE
3957 DADA
3958 VNQ
3959 YRD
3960 DGRW
3961 MATW
3962 STPZ
3963 EIGR
3964 CMP
3965 WKSP
3966 VDC
3967 EWH
3968 VIX
Exception
3969 EEFT
3970 FINX
3971 KIRK
3972 SLY
3973 TTEK
3974 SRTY
3975 MGP
3976 NUAN
3977 BTEK
3978 BHC
3979 IMLP
3980 TBT
3981 ES
3982 GBIL
3983 LEGH
3984 KVHI
3985 ARCT
3986 HSTM
3987 XITK
3988 DRW
3989 NUS
3990 HNDL
3991 FBMS
3992 BIPC
3993 OTIC
3994 TWLO
3995 KYN
3996 NLR
3997 NWE
3998 VTSI
3999 BND
4000 PWSC
4001 HFWA
4002 CTRN
4003 EPHY
4004 LXP
4005 ETD
4006 DBEU
4007 MNKKQ
4008 DISCA
4009 BSX
4010 SNT
4011 AMPE
4012 SGBX
4013 LH
4014 PGX
4015 EXEL
4016 RSI
4017 FTRP
4018 BSV
4019 IMCR
4020 GSKY
4021 OGN
4022 RNW
4023 AMN
4024 LLY
4025 AOUT
4026 AMJ
4027 ICHR
4028 HYD
4029 EDIV
4030 FTFT
4031 OGI
4032 SBRA
4033 MDY
4034 FBRT
4035 MRCC
4036 ZIXI
4037 ECLN
4038 UONE
4039 ASLN
4040 PLXP
4041 HTA
4042 EVH
4043 BGSF
4044 NEU
4045 ALRM
4046 FANG
4047 HEP
4048 MNMD
4049 ERTH
4050 KEX
4051 GGG
4052 LMAT
4053 DWX
4054 XRT
4055 BRAG
4056 TGNA
4057 SMTC
4058 DGNS
4059 FMAC
4060 MRIN
4061 PLOW
4062 CTLT
4063 LGND
4064 MNR
4065 EYES
4066 GFF
4067 SITM
4068 HAE
4069 AJG
4070 ATH
4071 FAN
4072 IVLU
4073 GMRE
4074 BSM
4075 TZA
4076 CABA
4077 IUSV
4078 BLI
4079 FSTA
4080 DRQ
4081 NLY
4082 MAIN
4083 BP
4084 APLE
4085 BYFC
4086 STT
4087 TFC
4088 EPR
4089 CHIC
4090 NXRT
4091 VIVO
4092 FRSX
4093 ELDN
4094 LXU
4095 RYT
4096 OSMT
4097 PID
4098 RYI
4099 TECK
4100 TPOR
4101 CMCM
4102 FOX
4103 TER
4104 FENY
4105 PAYC
4106 LPI
4107 SBGI
4108 ZS
4109 BDC
4110 NVO
4111 MTBC
4112 FREQ
4113 CLSN
4114 EQAL
4115 SPY
4116 TV
4117 UNH
4118 AON
4119 QQXT
4120 ATNM
4121 FRBK
4122 APSG
4123 TURN
4124 JUST
4125 FTS
4126 SKYW
4127 HLF
4128 IWY
4129 ASPY
4130 FL
4131 CPA
4132 JJA
4133 LABU
4134 GIGB
4135 MCMJ
4136 SOXQ
4137 PFS
4138 AUMN
4139 VS
4140 CVEO
4141 PKG
4142 CTEST
4143 RUN
4144 SBIO
4145 SHC
4146 STX
4147 BAP
4148 ADC
4149 TBPH
4150 DPW
4151 SUNL
4152 PDCE
4153 SPDN
4154 EPP
4155 ASPU
4156 CBOE
4157 AME
4158 MTX
4159 TIGR
4160 CLR
4161 PRN
4162 WLKP
4163 LIVN
4164 PRAA
4165 CGAU
4166 RAIL
4167 ZH
4168 CIO
4169 UDR
4170 SEAS
4171 CNXT
4172 FDP
4173 UBSI
4174 PKE
4175 ECHO
4176 IQ
4177 OUT
4178 AKR
4179 EMB
4180 IWB
4181 FCPT
4182 ACRX
4183 GILT
4184 AGLE
4185 RAPT
4186 OWL
4187 HNI
4188 NVEE
4189 HYBB
4190 IFRX
4191 CHAD
4192 RDW
4193 FTA
4194 HUYA
4195 AMBP
4196 IEO
4197 NSP
4198 MTB
4199 BDRY
4200 OMEX
4201 TMO
4202 ARLO
4203 TRMK
4204 WSR
4205 NBHC
4206 IVR
4207 SQZ
4208 RPG
4209 DFH
4210 DIA
4211 EFA
4212 AMX
4213 UONEK
4214 MDIV
4215 BLOK
4216 ESGD
4217 BUG
4218 FLGT
4219 FXH
4220 FM
4221 VIRI
4222 BAL
4223 OSS
4224 ASTR
4225 ERIE
4226 ROIC
4227 DTIL
4228 PRU
4229 AXP
4230 KGC
4231 O
4232 TRIN
4233 SPEM
4234 PESI
4235 REDU
4236 PVG
4237 MLCO
4238 GAME
4239 BTWN
4240 IAU
4241 INFN
4242 OLP
4243 TLS
4244 YPS
4245 PROG
4246 CTS
4247 BVN
4248 MACK
4249 IGOV
4250 KKR
4251 TCDA
4252 AIA
4253 BMED
4254 PTF
4255 EOSE
4256 VEV
4257 TNK
4258 LOWC
4259 FIW
4260 FSLR
4261 DBC
4262 ASX
4263 NE
4264 MAG
4265 HD
4266 ZETA
4267 QDEL
4268 AIRR
4269 LKQ
4270 EMR
4271 QSI
4272 FDN
4273 SLI
4274 CRU
4275 SPXC
4276 PFC
4277 EMXC
4278 BXMT
4279 NICE
4280 GKOS
4281 GEVO
4282 BPT
4283 AQMS
4284 MELI
4285 SSD
4286 TOST
4287 ACWX
4288 REZI
4289 COHU
4290 PCT
4291 USAC
4292 COHR
4293 EAR
4294 NEXT
4295 DCO
4296 TRP
4297 LGO
4298 BFIN
4299 MOH
4300 CCCC
4301 ENV
4302 KGRN
4303 BJK
4304 AWYX
4305 TREC
4306 RMD
4307 OFS
4308 OCUL
4309 OCSL
4310 ALXO
4311 GILD
4312 SCHA
4313 UAMY
4314 NOBL
4315 EWG
4316 ASH
4317 MRO
4318 CRWS
4319 SBLK
4320 FST
4321 HBI
4322 FUV
4323 HUM
4324 LYTS
4325 AAON
4326 U
4327 AFL
4328 BBSI
4329 BCPC
4330 FULC
4331 LOAN
4332 TTC
4333 YSG
4334 TACT
4335 DK
4336 DEO
4337 VRNS
4338 VWOB
4339 NNVC
4340 FNHC
4341 IEV
4342 ACIW
4343 AGCO
4344 HRTX
4345 CPUH
4346 AGTC
4347 XLK
4348 CRNC
4349 HPQ
4350 IPA
4351 DWM
4352 AEG
4353 FXU
4354 ETON
4355 PTGX
4356 ORMP
4357 HDEF
4358 CSR
4359 WTI
4360 APTS
4361 METC
4362 FNKO
4363 WGO
4364 OUNZ
4365 COWN
4366 NWPX
4367 ST
4368 IYT
4369 AOS
4370 VERV
4371 MIST
4372 CIGI
4373 ERX
4374 CLDS
4375 SCHJ
4376 NGM
4377 VNET
4378 GIB
4379 FIDI
4380 IEF
4381 MCRB
4382 PPC
4383 IMAX
4384 FHI
4385 VITL
4386 KOPN
4387 DOOR
4388 LBRDA
4389 IMCC
4390 RGLD
4391 BR
4392 SHV
4393 NTRS
4394 LZB
4395 TMP
4396 VUZI
4397 SPNS
4398 IHDG
4399 NNN
4400 XBIT
4401 PLNT
4402 PUK
4403 ANPC
4404 EXP
4405 BFTR
4406 PSCC
4407 IPAR
4408 PD
4409 SWTX
4410 PEAK
4411 GOOS
4412 EDV
4413 TAN
4414 KN
4415 NUGT
4416 HST
4417 PB
4418 URE
4419 UDOW
4420 DM
4421 ABST
4422 CRBP
4423 ENDP
4424 KOMP
4425 KPTI
4426 BKD
4427 SBTX
4428 EWX
4429 CSD
4430 LQDH
4431 AAPL
4432 OMI
4433 EWQ
4434 SXT
4435 MVIS
4436 XLE
4437 UAN
4438 HWKN
4439 CWST
4440 SATS
4441 UCO
4442 EGRX
4443 MDWD
4444 TW
4445 SHOP
4446 KLAC
4447 VFH
4448 WING
4449 CLGN
4450 BAND
4451 INN
4452 GPI
4453 PROF
4454 MLPX
4455 IAI
4456 ACLS
4457 AVY
4458 XHR
4459 MTRN
4460 QRTEA
4461 TBLA
4462 TBNK
4463 LOUP
4464 CTOS
4465 DON
4466 LVOX
4467 ROBO
4468 MPAA
4469 STRO
4470 AG
4471 RWT
4472 QQQJ
4473 QID
4474 PEGA
4475 TUP
4476 JNCE
4477 DNLI
4478 ZIOP
4479 EVLO
4480 WEN
4481 IYK
4482 FE
4483 MBI
4484 WPC
4485 AVNS
4486 MRSN
4487 APD
4488 PIPP
4489 AMCX
4490 SCSC
4491 BSET
4492 J
4493 DFUS
4494 HL
4495 HCSG
4496 FENC
4497 WRK
4498 JPIN
4499 GP
4500 SRET
4501 RRR
4502 SID
4503 TUYA
4504 PIE
4505 EZM
4506 PGJ
4507 ODFL
4508 XPEV
4509 ULE
4510 FFNW
4511 ITGR
4512 BOAT
4513 PJP
4514 DOLE
4515 RDVY
4516 ZNTE
4517 PBR
4518 IQDF
4519 CTRA
4520 BEEM
4521 AGIO
4522 STRA
4523 SUSB
4524 GNE
4525 IDRV
4526 CM
4527 BYND
4528 OBSV
4529 AVXL
4530 YUM
4531 VTIP
4532 TVTX
4533 GL
4534 BNGO
4535 SGG
4536 XNET
4537 BA
4538 WBS
4539 YY
4540 FXA
4541 SOXL
4542 KSS
4543 AVDV
4544 SGLB
4545 AZUL
4546 AAP
4547 WAT
4548 VTWG
4549 INVA
4550 FXN
4551 VSTO
4552 EVBG
4553 BCOV
4554 CSGP
4555 ALLT
4556 SCHG
4557 DIG
4558 BBL
4559 CBAY
4560 ISRA
4561 UP
4562 GENE
4563 ENOB
4564 TIMB
4565 QTRX
4566 HYGH
4567 LUMN
4568 ENIC
4569 TRST
4570 FKWL
4571 EEMS
4572 PCAR
4573 LVS
4574 CSCO
4575 WH
4576 BHG
4577 TCRR
4578 SYNL
4579 DAC
4580 WIMI
4581 XENT
4582 REM
4583 TMUS
4584 KFRC
4585 IAA
4586 OSUR
4587 GVA
4588 FXL
4589 MKL
4590 UBS
4591 LVHD
4592 DESP
4593 USDU
4594 TRMB
4595 MSGS
4596 RYE
4597 CLMT
4598 CBU
4599 TEL
4600 MNDY
4601 AROW
4602 SCHF
4603 EWRE
4604 HBNC
4605 MRC
4606 XBTF
4607 GBCI
4608 MP
4609 LU
4610 DBEF
4611 PYCR
4612 LTRPA
4613 MOSY
4614 ACAD
4615 SPNE
4616 CWAN
4617 IGRO
4618 SY
4619 XOS
4620 OSTK
4621 BLDE
4622 SPTI
4623 KRBN
4624 JOBS
4625 CG
4626 HRTG
4627 EPAY
4628 INFI
4629 TEN
4630 USNA
4631 ASML
4632 VIGI
4633 SAFE
4634 ORTX
4635 GBOX
4636 MNKD
4637 SON
4638 GTIM
4639 EKSO
4640 BBIO
4641 IQDG
4642 HNST
4643 MPW
4644 ASR
4645 JWN
4646 SWIM
4647 UBR
4648 ANNX
4649 TLSA
4650 VHC
4651 PGRE
4652 UCTT
4653 IOO
4654 ARES
4655 CEMB
4656 GSBD
4657 CDZI
4658 FTXG
4659 GSEW
4660 OVID
4661 PAGS
4662 DDOG
4663 JBLU
4664 NEXA
4665 SBNY
4666 ML
4667 IPKW
4668 AVAH
4669 RICK
4670 PKW
4671 SKIN
4672 RADA
4673 ROVR
4674 PNNT
4675 VCRA
4676 LABD
4677 NVRO
4678 WHG
4679 XEL
4680 SPMD
4681 TG
4682 HDRO
4683 SMH
4684 FB
4685 AVDX
4686 AMG
4687 AFI
4688 TTWO
4689 PLD
4690 APPH
4691 DFS
4692 ORCC
4693 UPH
4694 PLRX
4695 CSV
4696 CNHI
4697 AMSF
4698 RYTM
4699 SIGI
4700 MASI
4701 LFT
4702 ANSS
4703 MCK
4704 CNET
4705 NBIX
4706 BTI
4707 OFG
4708 USPH
4709 UPS
4710 HIVE
4711 KURE
4712 MDXG
4713 OXM
4714 AMBA
4715 QTT
4716 EXK
4717 CHE
4718 ZEV
4719 VVOS
4720 EMGF
4721 LMND
4722 ECVT
4723 ADMS
4724 TIG
4725 THC
4726 PPD
4727 USB
4728 PAX
4729 MKFG
4730 EPS
4731 BRT
4732 DNMR
4733 SGFY
4734 OAS
4735 EFV
4736 BTTR
4737 MAXN
4738 CUK
4739 ASB
4740 LCUT
4741 EIX
4742 OUST
4743 UNM
4744 ELD
4745 RLMD
4746 FLR
4747 FVAL
4748 OM
4749 NVS
4750 DBD
4751 BZH
4752 NGG
4753 CRNX
4754 PRLB
4755 EMQQ
4756 VTGN
4757 MNTS
4758 AWH
4759 CLS
4760 DAPP
4761 PRF
4762 OPTN
4763 FOXF
4764 FTXD
4765 HBB
4766 INGN
4767 VOX
4768 AZRE
4769 ISBC
4770 VNE
4771 NMRK
4772 SLCA
4773 TRIP
4774 AN
4775 NMFC
4776 CMA
4777 STAR
4778 BGNE
4779 CGBD
4780 DCRC
4781 MILN
4782 USL
4783 SXC
4784 CCRN
4785 EWUS
4786 LDI
4787 KALU
4788 RBBN
4789 GMED
4790 LEJU
4791 CWK
4792 HTLF
4793 ILMN
4794 SPXL
4795 LYEL
4796 PVL
4797 RRD
4798 AES
4799 KRBP
4800 SUNS
4801 RTX
4802 PPTA
4803 SRLP
4804 BHF
4805 IRWD
4806 DLPN
4807 HMHC
4808 DIDI
4809 MSGE
4810 QSR
4811 FYT
4812 LBRDK
4813 TROW
4814 NVT
4815 KRP
4816 SCM
4817 WFRD
4818 FREY
4819 RDN
4820 PIPR
4821 LKFN
4822 CHD
4823 BMTX
4824 DLTH
4825 VLO
4826 RAMP
4827 KMDA
4828 CNK
4829 XSD
4830 CPG
4831 CRAK
4832 PSMT
4833 ACIU
4834 EFG
4835 GCC
4836 VCEL
4837 BUR
4838 EOG
4839 RAAS
4840 SPOT
4841 VXX
4842 LOPE
4843 GM
4844 GDS
4845 CIM
4846 LTPZ
4847 ARCB
4848 EBAY
4849 HIL
4850 WIT
4851 NTNX
4852 TFII
4853 INVE
4854 LUV
4855 SILV
4856 CORN
4857 PMT
4858 EET
4859 PRVA
4860 RS
4861 RGP
4862 EGBN
4863 SLAB
4864 GNCA
4865 BLDR
4866 ARGX
4867 GGAL
4868 JOBY
4869 LEV
4870 LNT
4871 COF
4872 UNP
4873 LQDA
4874 UI
4875 FBZ
4876 GMDA
4877 DAIO
4878 RY
4879 RMBS
4880 CMG
4881 ABMD
4882 NPTN
4883 MYPS
4884 CORT
4885 PAVM
4886 OYST
4887 TNA
4888 FRHC
4889 SU
4890 CNTY
4891 IWO
4892 NOC
4893 PTH
4894 INO
4895 SKIL
4896 ARDS
4897 BBW
4898 RUBY
4899 SAN
4900 IBN
4901 MTLS
4902 VEL
4903 FTCS
4904 PWP
4905 XLRE
4906 AEM
4907 BNL
4908 CMCSA
4909 DVOL
4910 SAA
4911 ALLO
4912 TCBI
4913 CCK
4914 EINC
4915 BCSF
4916 EPZM
4917 APRN
4918 SCYX
4919 HEEM
4920 CCSI
4921 DXJS
4922 MFGP
4923 LD
4924 LEG
4925 AVD
4926 CLDT
4927 IEX
4928 UST
4929 CSLT
4930 CRTX
4931 AHH
4932 CVET
4933 ADMP
4934 DBX
4935 ASC
4936 RES
4937 FLUX
4938 TIP
4939 DOMO
4940 XNTK
4941 AXNX
4942 TYO
4943 SPNV
4944 APH
4945 GIFI
4946 ANY
4947 POR
4948 ROAD
4949 TZOO
4950 MCHX
4951 OSW
4952 KRO
4953 NTWK
4954 COW
4955 PUI
4956 IUSB
4957 INFY
4958 OEG
4959 XME
4960 DAN
4961 TRUP
4962 CNA
4963 ANET
4964 RRGB
4965 LRCX
4966 AUTO
4967 IVC
4968 PGC
4969 GO
4970 PSCF
4971 HON
4972 AVAV
4973 RDWR
4974 JP
4975 CNYA
4976 PI
4977 DRH
4978 AAIC
4979 AXL
4980 ZIM
4981 ENVA
4982 KNX
4983 CNXC
4984 DBE
4985 AIQ
4986 D
4987 PCTI
4988 SGRY
4989 CERT
4990 HES
4991 IGIB
4992 TUFN
4993 IGV
4994 HSBC
4995 CRVL
4996 GRTX
4997 PNFP
4998 IART
4999 PGF
5000 TTD
5001 L
5002 PRMW
5003 DAVA
5004 FALN
5005 EWC
5006 XBI
5007 FTCV
5008 SPSM
5009 ATHX
5010 DORM
5011 TSE
5012 UBX
5013 NBSE
5014 JELD
5015 ARNC
5016 NPO
5017 DSGX
5018 AKBA
5019 EURL
5020 PENN
5021 DNOW
5022 LOTZ
5023 FGD
5024 JOAN
5025 ANF
5026 AY
5027 NXTD
5028 EBND
5029 TRIL
5030 LCI
5031 ALGN
5032 LTRX
5033 DCT
5034 EBC
5035 PWV
5036 SBCF
5037 NWS
5038 SLF
5039 WTT
5040 PMVP
5041 ELMS
5042 ULCC
5043 BIP
5044 FICO
5045 NVEI
5046 BDX
5047 MSEX
5048 PBP
5049 MANH
5050 PCVX
5051 AMZN
5052 APA
5053 CNX
5054 OESX
5055 WBT
5056 DKNG
5057 REET
5058 SMRT
5059 AVUV
5060 STZ
5061 GYLD
5062 AMOT
5063 WPM
5064 ERIC
5065 TGP
5066 ANDE
5067 MNST
5068 NSPR
5069 ODT
5070 SND
5071 CNTB
5072 AKUS
5073 KZR
5074 PHUN
5075 ARI
5076 SKYT
5077 PFFA
5078 DJD
5079 SPXU
5080 ETR
5081 RVLV
5082 UFO
5083 CAR
5084 ENB
5085 WWD
5086 FCA
5087 HY
5088 BBY
5089 CDAK
5090 RUSHA
5091 BYD
5092 QQQM
5093 GLW
5094 CEQP
5095 TBF
5096 XAR
5097 MTEM
5098 SJI
5099 JMIA
5100 ON
5101 IBOC
5102 ELY
5103 AMEH
5104 SLDB
5105 FEM
5106 KBWR
5107 ACHV
5108 IYM
5109 SNAP
5110 OPK
5111 EUSA
5112 IT
5113 EGO
5114 BOOT
5115 ATSG
5116 OIL
5117 BLU
5118 HOOD
5119 NABL
5120 GNTX
5121 OVLH
5122 COGT
5123 PTNQ
5124 XM
5125 HONE
5126 GTY
5127 ENVB
5128 WFC
5129 ZIP
5130 VSH
5131 DMTK
5132 HCM
5133 NRP
5134 ATOS
5135 LGF
Exception
5136 MTRX
5137 CLVT
5138 ALEC
5139 SFNC
5140 MAX
5141 ADM
5142 DIS
5143 KOD
5144 HEI
5145 KO
5146 EWT
5147 CGW
5148 SA
5149 ISTB
5150 CHK
5151 DRIV
5152 ACES
5153 BRKS
5154 CDXC
5155 ORCL
5156 BKCH
5157 CNRG
5158 GDEN
5159 WSC
5160 KORU
5161 PRPO
5162 GLBS
5163 RJN
5164 HUT
5165 IXUS
5166 HIPO
5167 JW
Exception
5168 GEF
5169 MAPS
5170 RCMT
5171 NAT
5172 KSTR
5173 YOLO
5174 EB
5175 AKTS
5176 HTOO
5177 DLTR
5178 VIRT
5179 WTTR
5180 CDXS
5181 MED
5182 EQR
5183 REE
5184 SPYV
5185 CGEM
5186 CAPE
5187 GTYH
5188 HERO
5189 TGLS
5190 GOEV
5191 SPYX
5192 CEIX
5193 ANIK
5194 KBUY
5195 MGPI
5196 MVO
5197 PTCT
5198 IGF
5199 DKL
5200 CAF
5201 ATNI
5202 AEE
5203 LCTX
5204 PDD
5205 VAW
5206 CSX
5207 GTE
5208 VTV
5209 ULBI
5210 FPX
5211 CMPS
5212 GWX
5213 PBF
5214 ADP
5215 IXC
5216 EXAS
5217 ABTX
5218 TDY
5219 MYY
5220 ROL
5221 FAF
5222 GFL
5223 RMNI
5224 LPX
5225 MNTX
5226 CVA
5227 RWL
5228 GOEX
5229 GPRK
5230 AEVA
5231 TEO
5232 RIO
5233 OTTR
5234 SCHH
5235 MX
5236 BTNB
5237 HAFC
5238 QUAD
5239 TBK
5240 SNPS
5241 MIND
5242 NAIL
5243 XES
5244 QLD
5245 UGA
5246 AGG
5247 KOP
5248 UPRO
5249 SELF
5250 DWAS
5251 VGSH
5252 SABR
5253 FDD
5254 TRTN
5255 ARCO
5256 EXPO
5257 GES
5258 ISUN
5259 TMX
5260 Y
5261 ARQT
5262 UROY
5263 AVPT
5264 XFOR
5265 FTGC
5266 OEF
5267 BITQ
5268 MRVI
5269 GUNR
5270 GDP
5271 NVAX
5272 HAAC
5273 ATKR
5274 LI
5275 MODN
5276 MOAT
5277 FXG
5278 HBP
5279 SVVC
5280 LMFA
5281 LCTU
5282 HIG
5283 AIT
5284 PYZ
5285 ZTS
5286 DRIO
5287 CASH
5288 HTEC
5289 PBJ
5290 EVGN
5291 CHIQ
5292 CIXX
5293 TSEM
5294 INSE
5295 LSI
5296 BRKL
5297 XBIO
5298 FLMN
5299 PACK
5300 ORPH
5301 CVI
5302 FVE
5303 MITK
5304 SSRM
5305 DX
5306 PFSI
5307 GSLC
5308 HIMS
5309 EVX
5310 TECH
5311 EZPW
5312 EFX
5313 SNN
5314 ARKG
5315 USD
5316 SBH
5317 PRI
5318 EPRT
5319 CVY
5320 SOYB
5321 NTUS
5322 EXR
5323 ALPN
5324 SJB
5325 ARCE
5326 ALGT
5327 BMY
5328 ESCA
5329 FIS
5330 PPBI
5331 MNOV
5332 LQD
5333 SCHY
5334 GREK
5335 STC
5336 FTEC
5337 ARW
5338 KWR
5339 CRVS
5340 FSM
5341 WPRT
5342 ROM
5343 XLRN
5344 LPSN
5345 FRME
5346 ELAN
5347 OII
5348 BCEL
5349 FNK
5350 MRLN
5351 ABR
5352 ZGNX
5353 DXCM
5354 BRO
5355 IPGP
5356 PIZ
5357 KTB
5358 ARKQ
5359 IGN
5360 ZBH
5361 LYG
5362 HYLD
5363 HRZN
5364 EW
5365 GHM
5366 NVVE
5367 LMNR
5368 FLNT
5369 BENE
5370 AERI
5371 TWM
5372 RIOT
5373 W
5374 PINS
5375 NCMI
5376 GOVT
5377 HITI
5378 SPOK
5379 YELP
5380 RETL
5381 XNCR
5382 NCLH
5383 LBTYA
5384 EIDO
5385 STAA
5386 CODI
5387 VXF
5388 AIZ
5389 ATER
5390 SWCH
5391 MSB
5392 ACB
5393 TFLO
5394 PKB
5395 BWEN
5396 NNOX
5397 STN
5398 CSL
5399 FENG
5400 BKCC
5401 FCBC
5402 XSVM
5403 MDC
5404 NMIH
5405 CWB
5406 SYF
5407 QS
5408 OPY
5409 VTEB
5410 QUOT
5411 RPAY
5412 MDGL
5413 ZY
5414 IJT
5415 BCOR
5416 ASEA
5417 EVA
5418 INTC
5419 BLKB
5420 WPP
5421 ADNT
5422 BURL
5423 ADMA
5424 SEF
5425 IJH
5426 ARKO
5427 PSCT
5428 XPO
5429 NARI
5430 ESGR
5431 PLYA
5432 SUP
5433 IAK
5434 PSTH
5435 CZR
5436 SRE
5437 DDS
5438 SHLS
5439 OKTA
5440 IHY
5441 JBSS
5442 BNFT
5443 AEMD
5444 FFBC
5445 HIBB
5446 SNV
5447 HTLD
5448 JMST
5449 PNR
5450 CLPR
5451 AIEQ
5452 QUAL
5453 GSY
5454 RMTI
5455 PIXY
5456 CDK
5457 HEZU
5458 NVGS
5459 FXB
5460 ESXB
5461 NVMI
5462 RPAR
5463 VERI
5464 BGFV
5465 DHX
5466 INDL
5467 RGI
5468 SUN
5469 CSTL
5470 CLVS
5471 MCFT
5472 DNL
5473 SMDV
5474 UGP
5475 WBA
5476 TASK
5477 BTX
5478 SCHD
0
1
2
3
4
5
6
7
8
9
10
11
12
13
14
15
16
17
18
19
20
21
22
23
24
25
26
27
28
29
30
31
32
33
34
35
36
37
38
39
40
41
42
43
44
45
46
47
48
49
50
51
52
53
54
55
56
57
58
59
60
61
62
63
64
65
66
67
68
69
70
71
72
73
74
75
76
77
78
79
80
81
82
83
84
85
86
87
88
89
90
91
92
93
94
95
96
97
98
99
100
101
102
103
104
105
106
107
108
109
110
111
112
113
114
115
116
117
118
119
120
121
122
123
124
125
126
127
128
129
130
131
132
133
134
135
136
137
138
139
140
141
142
143
144
145
146
147
148
149
150
151
152
153
154
155
156
157
158
159
160
161
162
163
164
165
166
167
168
169
170
171
172
173
174
175
176
177
178
179
180
181
182
183
184
185
186
187
188
189
190
191
192
193
194
195
196
197
198
199
200
201
202
203
204
205
206
207
208
209
210
211
212
213
214
215
216
217
218
219
220
221
222
223
224
225
226
227
228
229
230
231
232
233
234
235
236
237
238
239
240
241
242
243
244
245
246
247
248
249
250
251
252
253
254
255
256
257
258
259
260
261
262
263
264
265
266
267
268
269
270
271
272
273
274
275
276
277
278
279
280
281
282
283
284
285
286
287
288
289
290
291
292
293
294
295
296
297
298
299
300
301
302
303
304
305
306
307
308
309
310
311
312
313
314
315
316
317
318
319
320
321
322
323
324
325
326
327
328
329
330
331
332
333
334
335
336
337
338
339
340
341
342
343
344
345
346
347
348
349
350
351
352
353
354
355
356
357
358
359
360
361
362
363
364
365
366
367
368
369
370
371
372
373
374
375
376
377
378
379
380
381
382
383
384
385
386
387
388
389
390
391
392
393
394
395
396
397
398
399
400
401
402
403
404
405
406
407
408
409
410
411
412
413
414
415
416
417
418
419
420
421
422
423
424
425
426
427
428
429
430
431
432
433
434
435
436
437
438
439
440
441
442
443
444
445
446
447
448
449
450
451
452
453
454
455
456
457
458
459
460
461
462
463
464
465
466
467
468
469
470
471
472
473
474
475
476
477
478
479
480
481
482
483
484
485
486
487
488
489
490
491
492
493
494
495
496
497
498
499
500
501
502
503
504
505
506
507
508
509
510
511
512
513
514
515
516
517
518
519
520
521
522
523
524
525
526
527
528
529
530
531
532
533
534
535
536
537
538
539
540
541
542
543
544
545
546
547
548
549
550
551
552
553
554
555
556
557
558
559
560
561
562
563
564
565
566
567
568
569
570
571
572
573
574
575
576
577
578
579
580
581
582
583
584
585
586
587
588
589
590
591
592
593
594
595
596
597
598
599
600
601
602
603
604
605
606
607
608
609
610
611
612
613
614
615
616
617
618
619
620
621
622
623
624
625
626
627
628
629
630
631
632
633
634
635
636
637
638
639
640
641
642
643
644
645
646
647
648
649
650
651
652
653
654
655
656
657
658
659
660
661
662
663
664
665
666
667
668
669
670
671
672
673
674
675
676
677
678
679
680
681
682
683
684
685
686
687
688
689
690
691
692
693
694
695
696
697
698
699
700
701
702
703
704
705
706
707
708
709
710
711
712
713
714
715
716
717
718
719
720
721
722
723
724
725
726
727
728
729
730
731
732
733
734
735
736
737
738
739
740
741
742
743
744
745
746
747
748
749
750
751
752
753
754
755
756
757
758
759
760
761
762
763
764
765
766
767
768
769
770
771
772
773
774
775
776
777
778
779
780
781
782
783
784
785
786
787
788
789
790
791
792
793
794
795
796
797
798
799
800
801
802
803
804
805
806
807
808
809
810
811
812
813
814
815
816
817
818
819
820
821
822
823
824
825
826
827
828
829
830
831
832
833
834
835
836
837
838
839
840
841
842
843
844
845
846
847
848
849
850
851
852
853
854
855
856
857
858
859
860
861
862
863
864
865
866
867
868
869
870
871
872
873
874
875
876
877
878
879
880
881
882
883
884
885
886
887
888
889
890
891
892
893
894
895
896
897
898
899
900
901
902
903
904
905
906
907
908
909
910
911
912
913
914
915
916
917
918
919
920
921
922
923
924
925
926
927
928
929
930
931
932
933
934
935
936
937
938
939
940
941
942
943
944
945
946
947
948
949
950
951
952
953
954
955
956
957
958
959
960
961
962
963
964
965
966
967
968
969
970
971
972
973
974
975
976
977
978
979
980
981
982
983
984
985
986
987
988
989
990
991
992
993
994
995
996
997
998
999
1000
1001
1002
1003
1004
1005
1006
1007
1008
1009
1010
1011
1012
1013
1014
1015
1016
1017
1018
1019
1020
1021
1022
1023
1024
1025
1026
1027
1028
1029
1030
1031
1032
1033
1034
1035
1036
1037
1038
1039
1040
1041
1042
1043
1044
1045
1046
1047
1048
1049
1050
1051
1052
1053
1054
1055
1056
1057
1058
1059
1060
1061
1062
1063
1064
1065
1066
1067
1068
1069
1070
1071
1072
1073
1074
1075
1076
1077
1078
1079
1080
1081
1082
1083
1084
1085
1086
1087
1088
1089
1090
1091
1092
1093
1094
1095
1096
1097
1098
1099
1100
1101
1102
1103
1104
1105
1106
1107
1108
1109
1110
1111
1112
1113
1114
1115
1116
1117
1118
1119
1120
1121
1122
1123
1124
1125
1126
1127
1128
1129
1130
1131
1132
1133
1134
1135
1136
1137
1138
1139
1140
1141
1142
1143
1144
1145
1146
1147
1148
1149
1150
1151
1152
1153
1154
1155
1156
1157
1158
1159
1160
1161
1162
1163
1164
1165
1166
1167
1168
1169
1170
1171
1172
1173
1174
1175
1176
1177
1178
1179
1180
1181
1182
1183
1184
1185
1186
1187
1188
1189
1190
1191
1192
1193
1194
1195
1196
1197
1198
1199
1200
1201
1202
1203
1204
1205
1206
1207
1208
1209
1210
1211
1212
1213
1214
1215
1216
1217
1218
1219
1220
1221
1222
1223
1224
1225
1226
1227
1228
1229
1230
1231
1232
1233
1234
1235
1236
1237
1238
1239
1240
1241
1242
1243
1244
1245
1246
1247
1248
1249
1250
1251
1252
1253
1254
1255
1256
1257
1258
1259
1260
1261
1262
1263
1264
1265
1266
1267
1268
1269
1270
1271
1272
1273
1274
1275
1276
1277
1278
1279
1280
1281
1282
1283
1284
1285
1286
1287
1288
1289
1290
1291
1292
1293
1294
1295
1296
1297
1298
1299
1300
1301
1302
1303
1304
1305
1306
1307
1308
1309
1310
1311
1312
1313
1314
1315
1316
1317
1318
1319
1320
1321
1322
1323
1324
1325
1326
1327
1328
1329
1330
1331
1332
1333
1334
1335
1336
1337
1338
1339
1340
1341
1342
1343
1344
1345
1346
1347
1348
1349
1350
1351
1352
1353
1354
1355
1356
1357
1358
1359
1360
1361
1362
1363
1364
1365
1366
1367
1368
1369
1370
1371
1372
1373
1374
1375
1376
1377
1378
1379
1380
1381
1382
1383
1384
1385
1386
1387
1388
1389
1390
1391
1392
1393
1394
1395
1396
1397
1398
1399
1400
1401
1402
1403
1404
1405
1406
1407
1408
1409
1410
1411
1412
1413
1414
1415
1416
1417
1418
1419
1420
1421
1422
1423
1424
1425
1426
1427
1428
1429
1430
1431
1432
1433
1434
1435
1436
1437
1438
1439
1440
1441
1442
1443
1444
1445
1446
1447
1448
1449
1450
1451
1452
1453
1454
1455
1456
1457
1458
1459
1460
1461
1462
1463
1464
1465
1466
1467
1468
1469
1470
1471
1472
1473
1474
1475
1476
1477
1478
1479
1480
1481
1482
1483
1484
1485
1486
1487
1488
1489
1490
1491
1492
1493
1494
1495
1496
1497
1498
1499
1500
1501
1502
1503
1504
1505
1506
1507
1508
1509
1510
1511
1512
1513
1514
1515
1516
1517
1518
1519
1520
1521
1522
1523
1524
1525
1526
1527
1528
1529
1530
1531
1532
1533
1534
1535
1536
1537
1538
1539
1540
1541
1542
1543
1544
1545
1546
1547
1548
1549
1550
1551
1552
1553
1554
1555
1556
1557
1558
1559
1560
1561
1562
1563
1564
1565
1566
1567
1568
1569
1570
1571
1572
1573
1574
1575
1576
1577
1578
1579
1580
1581
1582
1583
1584
1585
1586
1587
1588
1589
1590
1591
1592
1593
1594
1595
1596
1597
1598
1599
1600
1601
1602
1603
1604
1605
1606
1607
1608
1609
1610
1611
1612
1613
1614
1615
1616
1617
1618
1619
1620
1621
1622
1623
1624
1625
1626
1627
1628
1629
1630
1631
1632
1633
1634
1635
1636
1637
1638
1639
1640
1641
1642
1643
1644
1645
1646
1647
1648
1649
1650
1651
1652
1653
1654
1655
1656
1657
1658
1659
1660
1661
1662
1663
1664
1665
1666
1667
1668
1669
1670
1671
1672
1673
1674
1675
1676
1677
1678
1679
1680
1681
1682
1683
1684
1685
1686
1687
1688
1689
1690
1691
1692
1693
1694
1695
1696
1697
1698
1699
1700
1701
1702
1703
1704
1705
1706
1707
1708
1709
1710
1711
1712
1713
1714
1715
1716
1717
1718
1719
1720
1721
1722
1723
1724
1725
1726
1727
1728
1729
1730
1731
1732
1733
1734
1735
1736
1737
1738
1739
1740
1741
1742
1743
1744
1745
1746
1747
1748
1749
1750
1751
1752
1753
1754
1755
1756
1757
1758
1759
1760
1761
1762
1763
1764
1765
1766
1767
1768
1769
1770
1771
1772
1773
1774
1775
1776
1777
1778
1779
1780
1781
1782
1783
1784
1785
1786
1787
1788
1789
1790
1791
1792
1793
1794
1795
1796
1797
1798
1799
1800
1801
1802
1803
1804
1805
1806
1807
1808
1809
1810
1811
1812
1813
1814
1815
1816
1817
1818
1819
1820
1821
1822
1823
1824
1825
1826
1827
1828
1829
1830
1831
1832
1833
1834
1835
1836
1837
1838
1839
1840
1841
1842
1843
1844
1845
1846
1847
1848
1849
1850
1851
1852
1853
1854
1855
1856
1857
1858
1859
1860
1861
1862
1863
1864
1865
1866
1867
1868
1869
1870
1871
1872
1873
1874
1875
1876
1877
1878
1879
1880
1881
1882
1883
1884
1885
1886
1887
1888
1889
1890
1891
1892
1893
1894
1895
1896
1897
1898
1899
1900
1901
1902
1903
1904
1905
1906
1907
1908
1909
1910
1911
1912
1913
1914
1915
1916
1917
1918
1919
1920
1921
1922
1923
1924
1925
1926
1927
1928
1929
1930
1931
1932
1933
1934
1935
1936
1937
1938
1939
1940
1941
1942
1943
1944
1945
1946
1947
1948
1949
1950
1951
1952
1953
1954
1955
1956
1957
1958
1959
1960
1961
1962
1963
1964
1965
1966
1967
1968
1969
1970
1971
1972
1973
1974
1975
1976
1977
1978
1979
1980
1981
1982
1983
1984
1985
1986
1987
1988
1989
1990
1991
1992
1993
1994
1995
1996
1997
1998
1999
2000
2001
2002
2003
2004
2005
2006
2007
2008
2009
2010
2011
2012
2013
2014
2015
2016
2017
2018
2019
2020
2021
2022
2023
2024
2025
2026
2027
2028
2029
2030
2031
2032
2033
2034
2035
2036
2037
2038
2039
2040
2041
2042
2043
2044
2045
2046
2047
2048
2049
2050
2051
2052
2053
2054
2055
2056
2057
2058
2059
2060
2061
2062
2063
2064
2065
2066
2067
2068
2069
2070
2071
2072
2073
2074
2075
2076
2077
2078
2079
2080
2081
2082
2083
2084
2085
2086
2087
2088
2089
2090
2091
2092
2093
2094
2095
2096
2097
2098
2099
2100
2101
2102
2103
2104
2105
2106
2107
2108
2109
2110
2111
2112
2113
2114
2115
2116
2117
2118
2119
2120
2121
2122
2123
2124
2125
2126
2127
2128
2129
2130
2131
2132
2133
2134
2135
2136
2137
2138
2139
2140
2141
2142
2143
2144
2145
2146
2147
2148
2149
2150
2151
2152
2153
2154
2155
2156
2157
2158
2159
2160
2161
2162
2163
2164
2165
2166
2167
2168
2169
2170
2171
2172
2173
2174
2175
2176
2177
2178
2179
2180
2181
2182
2183
2184
2185
2186
2187
2188
2189
2190
2191
2192
2193
2194
2195
2196
2197
2198
2199
2200
2201
2202
2203
2204
2205
2206
2207
2208
2209
2210
2211
2212
2213
2214
2215
2216
2217
2218
2219
2220
2221
2222
2223
2224
2225
2226
2227
2228
2229
2230
2231
2232
2233
2234
2235
2236
2237
2238
2239
2240
2241
2242
2243
2244
2245
2246
2247
2248
2249
2250
2251
2252
2253
2254
2255
2256
2257
2258
2259
2260
2261
2262
2263
2264
2265
2266
2267
2268
2269
2270
2271
2272
2273
2274
2275
2276
2277
2278
2279
2280
2281
2282
2283
2284
2285
2286
2287
2288
2289
2290
2291
2292
2293
2294
2295
2296
2297
2298
2299
2300
2301
2302
2303
2304
2305
2306
2307
2308
2309
2310
2311
2312
2313
2314
2315
2316
2317
2318
2319
2320
2321
2322
2323
2324
2325
2326
2327
2328
2329
2330
2331
2332
2333
2334
2335
2336
2337
2338
2339
2340
2341
2342
2343
2344
2345
2346
2347
2348
2349
2350
2351
2352
2353
2354
2355
2356
2357
2358
2359
2360
2361
2362
2363
2364
2365
2366
2367
2368
2369
2370
2371
2372
2373
2374
2375
2376
2377
2378
2379
2380
2381
2382
2383
2384
2385
2386
2387
2388
2389
2390
2391
2392
2393
2394
2395
2396
2397
2398
2399
2400
2401
2402
2403
2404
2405
2406
2407
2408
2409
2410
2411
2412
2413
2414
2415
2416
2417
2418
2419
2420
2421
2422
2423
2424
2425
2426
2427
2428
2429
2430
2431
2432
2433
2434
2435
2436
2437
2438
2439
2440
2441
2442
2443
2444
2445
2446
2447
2448
2449
2450
2451
2452
2453
2454
2455
2456
2457
2458
2459
2460
2461
2462
2463
2464
2465
2466
2467
2468
2469
2470
2471
2472
2473
2474
2475
2476
2477
2478
2479
2480
2481
2482
2483
2484
2485
2486
2487
2488
2489
2490
2491
2492
2493
2494
2495
2496
2497
2498
2499
2500
2501
2502
2503
2504
2505
2506
2507
2508
2509
2510
2511
2512
2513
2514
2515
2516
2517
2518
2519
2520
2521
2522
2523
2524
2525
2526
2527
2528
2529
2530
2531
2532
2533
2534
2535
2536
2537
2538
2539
2540
2541
2542
2543
2544
2545
2546
2547
2548
2549
2550
2551
2552
2553
2554
2555
2556
2557
2558
2559
2560
2561
2562
2563
2564
2565
2566
2567
2568
2569
2570
2571
2572
2573
2574
2575
2576
2577
2578
2579
2580
2581
2582
2583
2584
2585
2586
2587
2588
2589
2590
2591
2592
2593
2594
2595
2596
2597
2598
2599
2600
2601
2602
2603
2604
2605
2606
2607
2608
2609
2610
2611
2612
2613
2614
2615
2616
2617
2618
2619
2620
2621
2622
2623
2624
2625
2626
2627
2628
2629
2630
2631
2632
2633
2634
2635
2636
2637
2638
2639
2640
2641
2642
2643
2644
2645
2646
2647
2648
2649
2650
2651
2652
2653
2654
2655
2656
2657
2658
2659
2660
2661
2662
2663
2664
2665
2666
2667
2668
2669
2670
2671
2672
2673
2674
2675
2676
2677
2678
2679
2680
2681
2682
2683
2684
2685
2686
2687
2688
2689
2690
2691
2692
2693
2694
2695
2696
2697
2698
2699
2700
2701
2702
2703
2704
2705
2706
2707
2708
2709
2710
2711
2712
2713
2714
2715
2716
2717
2718
2719
2720
2721
2722
2723
2724
2725
2726
2727
2728
2729
2730
2731
2732
2733
2734
2735
2736
2737
2738
2739
2740
2741
2742
2743
2744
2745
2746
2747
2748
2749
2750
2751
2752
2753
2754
2755
2756
2757
2758
2759
2760
2761
2762
2763
2764
2765
2766
2767
2768
2769
2770
2771
2772
2773
2774
2775
2776
2777
2778
2779
2780
2781
2782
2783
2784
2785
2786
2787
2788
2789
2790
2791
2792
2793
2794
2795
2796
2797
2798
2799
2800
2801
2802
2803
2804
2805
2806
2807
2808
2809
2810
2811
2812
2813
2814
2815
2816
2817
2818
2819
2820
2821
2822
2823
2824
2825
2826
2827
2828
2829
2830
2831
2832
2833
2834
2835
2836
2837
2838
2839
2840
2841
2842
2843
2844
2845
2846
2847
2848
2849
2850
2851
2852
2853
2854
2855
2856
2857
2858
2859
2860
2861
2862
2863
2864
2865
2866
2867
2868
2869
2870
2871
2872
2873
2874
2875
2876
2877
2878
2879
2880
2881
2882
2883
2884
2885
2886
2887
2888
2889
2890
2891
2892
2893
2894
2895
2896
2897
2898
2899
2900
2901
2902
2903
2904
2905
2906
2907
2908
2909
2910
2911
2912
2913
2914
2915
2916
2917
2918
2919
2920
2921
2922
2923
2924
2925
2926
2927
2928
2929
2930
2931
2932
2933
2934
2935
2936
2937
2938
2939
2940
2941
2942
2943
2944
2945
2946
2947
2948
2949
2950
2951
2952
2953
2954
2955
2956
2957
2958
2959
2960
2961
2962
2963
2964
2965
2966
2967
2968
2969
2970
2971
2972
2973
2974
2975
2976
2977
2978
2979
2980
2981
2982
2983
2984
2985
2986
2987
2988
2989
2990
2991
2992
2993
2994
2995
2996
2997
2998
2999
3000
3001
3002
3003
3004
3005
3006
3007
3008
3009
3010
3011
3012
3013
3014
3015
3016
3017
3018
3019
3020
3021
3022
3023
3024
3025
3026
3027
3028
3029
3030
3031
3032
3033
3034
3035
3036
3037
3038
3039
3040
3041
3042
3043
3044
3045
3046
3047
3048
3049
3050
3051
3052
3053
3054
3055
3056
3057
3058
3059
3060
3061
3062
3063
3064
3065
3066
3067
3068
3069
3070
3071
3072
3073
3074
3075
3076
3077
3078
3079
3080
3081
3082
3083
3084
3085
3086
3087
3088
3089
3090
3091
3092
3093
3094
3095
3096
3097
3098
3099
3100
3101
3102
3103
3104
3105
3106
3107
3108
3109
3110
3111
3112
3113
3114
3115
3116
3117
3118
3119
3120
3121
3122
3123
3124
3125
3126
3127
3128
3129
3130
3131
3132
3133
3134
3135
3136
3137
3138
3139
3140
3141
3142
3143
3144
3145
3146
3147
3148
3149
3150
3151
3152
3153
3154
3155
3156
3157
3158
3159
3160
3161
3162
3163
3164
3165
3166
3167
3168
3169
3170
3171
3172
3173
3174
3175
3176
3177
3178
3179
3180
3181
3182
3183
3184
3185
3186
3187
3188
3189
3190
3191
3192
3193
3194
3195
3196
3197
3198
3199
3200
3201
3202
3203
3204
3205
3206
3207
3208
3209
3210
3211
3212
3213
3214
3215
3216
3217
3218
3219
3220
3221
3222
3223
3224
3225
3226
3227
3228
3229
3230
3231
3232
3233
3234
3235
3236
3237
3238
3239
3240
3241
3242
3243
3244
3245
3246
3247
3248
3249
3250
3251
3252
3253
3254
3255
3256
3257
3258
3259
3260
3261
3262
3263
3264
3265
3266
3267
3268
3269
3270
3271
3272
3273
3274
3275
3276
3277
3278
3279
3280
3281
3282
3283
3284
3285
3286
3287
3288
3289
3290
3291
3292
3293
3294
3295
3296
3297
3298
3299
3300
3301
3302
3303
3304
3305
3306
3307
3308
3309
3310
3311
3312
3313
3314
3315
3316
3317
3318
3319
3320
3321
3322
3323
3324
3325
3326
3327
3328
3329
3330
3331
3332
3333
3334
3335
3336
3337
3338
3339
3340
3341
3342
3343
3344
3345
3346
3347
3348
3349
3350
3351
3352
3353
3354
3355
3356
3357
3358
3359
3360
3361
3362
3363
3364
3365
3366
3367
3368
3369
3370
3371
3372
3373
3374
3375
3376
3377
3378
3379
3380
3381
3382
3383
3384
3385
3386
3387
3388
3389
3390
3391
3392
3393
3394
3395
3396
3397
3398
3399
3400
3401
3402
3403
3404
3405
3406
3407
3408
3409
3410
3411
3412
3413
3414
3415
3416
3417
3418
3419
3420
3421
3422
3423
3424
3425
3426
3427
3428
3429
3430
3431
3432
3433
3434
3435
3436
3437
3438
3439
3440
3441
3442
3443
3444
3445
3446
3447
3448
3449
3450
3451
3452
3453
3454
3455
3456
3457
3458
3459
3460
3461
3462
3463
3464
3465
3466
3467
3468
3469
3470
3471
3472
3473
3474
3475
3476
3477
3478
3479
3480
3481
3482
3483
3484
3485
3486
3487
3488
3489
3490
3491
3492
3493
3494
3495
3496
3497
3498
3499
3500
3501
3502
3503
3504
3505
3506
3507
3508
3509
3510
3511
3512
3513
3514
3515
3516
3517
3518
3519
3520
3521
3522
3523
3524
3525
3526
3527
3528
3529
3530
3531
3532
3533
3534
3535
3536
3537
3538
3539
3540
3541
3542
3543
3544
3545
3546
3547
3548
3549
3550
3551
3552
3553
3554
3555
3556
3557
3558
3559
3560
3561
3562
3563
3564
3565
3566
3567
3568
3569
3570
3571
3572
3573
3574
3575
3576
3577
3578
3579
3580
3581
3582
3583
3584
3585
3586
3587
3588
3589
3590
3591
3592
3593
3594
3595
3596
3597
3598
3599
3600
3601
3602
3603
3604
3605
3606
3607
3608
3609
3610
3611
3612
3613
3614
3615
3616
3617
3618
3619
3620
3621
3622
3623
3624
3625
3626
3627
3628
3629
3630
3631
3632
3633
3634
3635
3636
3637
3638
3639
3640
3641
3642
3643
3644
3645
3646
3647
3648
3649
3650
3651
3652
3653
3654
3655
3656
3657
3658
3659
3660
3661
3662
3663
3664
3665
3666
3667
3668
3669
3670
3671
3672
3673
3674
3675
3676
3677
3678
3679
3680
3681
3682
3683
3684
3685
3686
3687
3688
3689
3690
3691
3692
3693
3694
3695
3696
3697
3698
3699
3700
3701
3702
3703
3704
3705
3706
3707
3708
3709
3710
3711
3712
3713
3714
3715
3716
3717
3718
3719
3720
3721
3722
3723
3724
3725
3726
3727
3728
3729
3730
3731
3732
3733
3734
3735
3736
3737
3738
3739
3740
3741
3742
3743
3744
3745
3746
3747
3748
3749
3750
3751
3752
3753
3754
3755
3756
3757
3758
3759
3760
3761
3762
3763
3764
3765
3766
3767
3768
3769
3770
3771
3772
3773
3774
3775
3776
3777
3778
3779
3780
3781
3782
3783
3784
3785
3786
3787
3788
3789
3790
3791
3792
3793
3794
3795
3796
3797
3798
3799
3800
3801
3802
3803
3804
3805
3806
3807
3808
3809
3810
3811
3812
3813
3814
3815
3816
3817
3818
3819
3820
3821
3822
3823
3824
3825
3826
3827
3828
3829
3830
3831
3832
3833
3834
3835
3836
3837
3838
3839
3840
3841
3842
3843
3844
3845
3846
3847
3848
3849
3850
3851
3852
3853
3854
3855
3856
3857
3858
3859
3860
3861
3862
3863
3864
3865
3866
3867
3868
3869
3870
3871
3872
3873
3874
3875
3876
3877
3878
3879
3880
3881
3882
3883
3884
3885
3886
3887
3888
3889
3890
3891
3892
3893
3894
3895
3896
3897
3898
3899
3900
3901
3902
3903
3904
3905
3906
3907
3908
3909
3910
3911
3912
3913
3914
3915
3916
3917
3918
3919
3920
3921
3922
3923
3924
3925
3926
3927
3928
3929
3930
3931
3932
3933
3934
3935
3936
3937
3938
3939
3940
3941
3942
3943
3944
3945
3946
3947
3948
3949
3950
3951
3952
3953
3954
3955
3956
3957
3958
3959
3960
3961
3962
3963
3964
3965
3966
3967
3968
3969
3970
3971
3972
3973
3974
3975
3976
3977
3978
3979
3980
3981
3982
3983
3984
3985
3986
3987
3988
3989
3990
3991
3992
3993
3994
3995
3996
3997
3998
3999
4000
4001
4002
4003
4004
4005
4006
4007
4008
4009
4010
4011
4012
4013
4014
4015
4016
4017
4018
4019
4020
4021
4022
4023
4024
4025
4026
4027
4028
4029
4030
4031
4032
4033
4034
4035
4036
4037
4038
4039
4040
4041
4042
4043
4044
4045
4046
4047
4048
4049
4050
4051
4052
4053
4054
4055
4056
4057
4058
4059
4060
4061
4062
4063
4064
4065
4066
4067
4068
4069
4070
4071
4072
4073
4074
4075
4076
4077
4078
4079
4080
4081
4082
4083
4084
4085
4086
4087
4088
4089
4090
4091
4092
4093
4094
4095
4096
4097
4098
4099
4100
4101
4102
4103
4104
4105
4106
4107
4108
4109
4110
4111
4112
4113
4114
4115
4116
4117
4118
4119
4120
4121
4122
4123
4124
4125
4126
4127
4128
4129
4130
4131
4132
4133
4134
4135
4136
4137
4138
4139
4140
4141
4142
4143
4144
4145
4146
4147
4148
4149
4150
4151
4152
4153
4154
4155
4156
4157
4158
4159
4160
4161
4162
4163
4164
4165
4166
4167
4168
4169
4170
4171
4172
4173
4174
4175
4176
4177
4178
4179
4180
4181
4182
4183
4184
4185
4186
4187
4188
4189
4190
4191
4192
4193
4194
4195
4196
4197
4198
4199
4200
4201
4202
4203
4204
4205
4206
4207
4208
4209
4210
4211
4212
4213
4214
4215
4216
4217
4218
4219
4220
4221
4222
4223
4224
4225
4226
4227
4228
4229
4230
4231
4232
4233
4234
4235
4236
4237
4238
4239
4240
4241
4242
4243
4244
4245
4246
4247
4248
4249
4250
4251
4252
4253
4254
4255
4256
4257
4258
4259
4260
4261
4262
4263
4264
4265
4266
4267
4268
4269
4270
4271
4272
4273
4274
4275
4276
4277
4278
4279
4280
4281
4282
4283
4284
4285
4286
4287
4288
4289
4290
4291
4292
4293
4294
4295
4296
4297
4298
4299
4300
4301
4302
4303
4304
4305
4306
4307
4308
4309
4310
4311
4312
4313
4314
4315
4316
4317
4318
4319
4320
4321
4322
4323
4324
4325
4326
4327
4328
4329
4330
4331
4332
4333
4334
4335
4336
4337
4338
4339
4340
4341
4342
4343
4344
4345
4346
4347
4348
4349
4350
4351
4352
4353
4354
4355
4356
4357
4358
4359
4360
4361
4362
4363
4364
4365
4366
4367
4368
4369
4370
4371
4372
4373
4374
4375
4376
4377
4378
4379
4380
4381
4382
4383
4384
4385
4386
4387
4388
4389
4390
4391
4392
4393
4394
4395
4396
4397
4398
4399
4400
4401
4402
4403
4404
4405
4406
4407
4408
4409
4410
4411
4412
4413
4414
4415
4416
4417
4418
4419
4420
4421
4422
4423
4424
4425
4426
4427
4428
4429
4430
4431
4432
4433
4434
4435
4436
4437
4438
4439
4440
4441
4442
4443
4444
4445
4446
4447
4448
4449
4450
4451
4452
4453
4454
4455
4456
4457
4458
4459
4460
4461
4462
4463
4464
4465
4466
4467
4468
4469
4470
4471
4472
4473
4474
4475
4476
4477
4478
4479
4480
4481
4482
4483
4484
4485
4486
4487
4488
4489
4490
4491
4492
4493
4494
4495
4496
4497
4498
4499
4500
4501
4502
4503
4504
4505
4506
4507
4508
4509
4510
4511
4512
4513
4514
4515
4516
4517
4518
4519
4520
4521
4522
4523
4524
4525
4526
4527
4528
4529
4530
4531
4532
4533
4534
4535
4536
4537
4538
4539
4540
4541
4542
4543
4544
4545
4546
4547
4548
4549
4550
4551
4552
4553
4554
4555
4556
4557
4558
4559
4560
4561
4562
4563
4564
4565
4566
4567
4568
4569
4570
4571
4572
4573
4574
4575
4576
4577
4578
4579
4580
4581
4582
4583
4584
4585
4586
4587
4588
4589
4590
4591
4592
4593
4594
4595
4596
4597
4598
4599
4600
4601
4602
4603
4604
4605
4606
4607
4608
4609
4610
4611
4612
4613
4614
4615
4616
4617
4618
4619
4620
4621
4622
4623
4624
4625
4626
4627
4628
4629
4630
4631
4632
4633
4634
4635
4636
4637
4638
4639
4640
4641
4642
4643
4644
4645
4646
4647
4648
4649
4650
4651
4652
4653
4654
4655
4656
4657
4658
4659
4660
4661
4662
4663
4664
4665
4666
4667
4668
4669
4670
4671
4672
4673
4674
4675
4676
4677
4678
4679
4680
4681
4682
4683
4684
4685
4686
4687
4688
4689
4690
4691
4692
4693
4694
4695
4696
4697
4698
4699
4700
4701
4702
4703
4704
4705
4706
4707
4708
4709
4710
4711
4712
4713
4714
4715
4716
4717
4718
4719
4720
4721
4722
4723
4724
4725
4726
4727
4728
4729
4730
4731
4732
4733
4734
4735
4736
4737
4738
4739
4740
4741
4742
4743
4744
4745
4746
4747
4748
4749
4750
4751
4752
4753
4754
4755
4756
4757
4758
4759
4760
4761
4762
4763
4764
4765
4766
4767
4768
4769
4770
4771
4772
4773
4774
4775
4776
4777
4778
4779
4780
4781
4782
4783
4784
4785
4786
4787
4788
4789
4790
4791
4792
4793
4794
4795
4796
4797
4798
4799
4800
4801
4802
4803
4804
4805
4806
4807
4808
4809
4810
4811
4812
4813
4814
4815
4816
4817
4818
4819
4820
4821
4822
4823
4824
4825
4826
4827
4828
4829
4830
4831
4832
4833
4834
4835
4836
4837
4838
4839
4840
4841
4842
4843
4844
4845
4846
4847
4848
4849
4850
4851
4852
4853
4854
4855
4856
4857
4858
4859
4860
4861
4862
4863
4864
4865
4866
4867
4868
4869
4870
4871
4872
4873
4874
4875
4876
4877
4878
4879
4880
4881
4882
4883
4884
4885
4886
4887
4888
4889
4890
4891
4892
4893
4894
4895
4896
4897
4898
4899
4900
4901
4902
4903
4904
4905
4906
4907
4908
4909
4910
4911
4912
4913
4914
4915
4916
4917
4918
4919
4920
4921
4922
4923
4924
4925
4926
4927
4928
4929
4930
4931
4932
4933
4934
4935
4936
4937
4938
4939
4940
4941
4942
4943
4944
4945
4946
4947
4948
4949
4950
4951
4952
4953
4954
4955
4956
4957
4958
4959
4960
4961
4962
4963
4964
4965
4966
4967
4968
4969
4970
4971
4972
4973
4974
4975
4976
4977
4978
4979
4980
4981
4982
4983
4984
4985
4986
4987
4988
4989
4990
4991
4992
4993
4994
4995
4996
4997
4998
4999
5000
5001
5002
5003
5004
5005
5006
5007
5008
5009
5010
5011
5012
5013
5014
5015
5016
5017
5018
5019
5020
5021
5022
5023
5024
5025
5026
5027
5028
5029
5030
5031
5032
5033
5034
5035
5036
5037
5038
5039
5040
5041
5042
5043
5044
5045
5046
5047
5048
5049
5050
5051
5052
5053
5054
5055
5056
5057
5058
5059
5060
5061
5062
5063
5064
5065
5066
5067
5068
5069
5070
5071
5072
5073
5074
5075
5076
5077
5078
5079
5080
5081
5082
5083
5084
5085
5086
5087
5088
5089
5090
5091
5092
5093
5094
5095
5096
5097
5098
5099
5100
5101
5102
5103
5104
5105
5106
5107
5108
5109
5110
5111
5112
5113
5114
5115
5116
5117
5118
5119
5120
5121
5122
5123
5124
5125
5126
5127
5128
5129
5130
5131
5132
5133
5134
5135
5136
5137
5138
5139
5140
5141
5142
5143
5144
5145
5146
5147
5148
5149
5150
5151
5152
5153
5154
5155
5156
5157
5158
5159
5160
5161
5162
5163
5164
5165
5166
5167
5168
5169
5170
5171
5172
5173
5174
5175
5176
5177
5178
5179
5180
5181
5182
5183
5184
5185
5186
5187
5188
5189
5190
5191
5192
5193
5194
5195
5196
5197
5198
5199
5200
5201
5202
5203
5204
5205
5206
5207
5208
5209
5210
5211
5212
5213
5214
5215
5216
5217
5218
5219
5220
5221
5222
5223
5224
5225
5226
5227
5228
5229
5230
5231
5232
5233
5234
5235
5236
5237
5238
5239
5240
5241
5242
5243
5244
5245
5246
5247
5248
5249
5250
5251
5252
5253
5254
5255
5256
5257
5258
5259
5260
5261
5262
5263
5264
5265
5266
5267
5268
5269
5270
5271
5272
5273
5274
5275
5276
5277
5278
5279
5280
5281
5282
5283
5284
5285
5286
5287
5288
5289
5290
5291
5292
5293
5294
5295
5296
5297
5298
5299
5300
5301
5302
5303
5304
5305
5306
5307
5308
5309
5310
5311
5312
5313
5314
5315
5316
5317
5318
5319
5320
5321
5322
5323
5324
5325
5326
5327
5328
5329
5330
5331
5332
5333
5334
5335
5336
5337
5338
5339
5340
5341
5342
5343
5344
5345
5346
5347
5348
5349
5350
5351
5352
5353
5354
5355
5356
5357
5358
5359
5360
5361
5362
5363
5364
5365
5366
5367
5368
5369
5370
5371
5372
5373
5374
5375
5376
5377
5378
5379
5380
5381
5382
5383
5384
5385
5386
5387
5388
5389
5390
5391
5392
5393
5394
5395
5396
5397
5398
5399
5400
5401
5402
5403
5404
5405
5406
5407
5408
5409
5410
5411
5412
5413
5414
5415
5416
5417
5418
5419
5420
5421
5422
5423
5424
5425
5426
5427
5428
5429
5430
5431
5432
5433
5434
5435
5436
5437
5438
5439
5440
5441
5442
5443
5444
5445
5446
5447
5448
5449
5450
5451
5452
5453
5454
5455
5456
5457
5458
5459
5460
5461
5462
5463
5464
5465
5466
5467
5468
5469
5470
5471
5472
5473
5474
5475
5476
5477
5478
