L3_20240103.zip
file moved...
files extracted...
A
AA
AADI
AAL
AAN
AAOI
AAON
AAP
AAPB
AAPD
AAPL
AAPU
AAT
AAU
AAXJ
AB
ABAT
ABBV
ABCB
ABCL
ABEO
ABEV
ABG
ABIO
ABM
ABNB
ABOS
ABR
ABSI
ABT
ABTS
ABUS
ACA
ACAD
ACB
ACCD
ACCO
ACDC
ACEL
ACES
ACET
ACGL
ACHC
ACHR
ACHV
ACI
ACIC
ACIU
ACIW
ACLS
ACLX
ACM
ACMR
ACN
ACNB
ACNT
ACR
ACRE
ACRS
ACRX
ACT
ACTG
ACVA
ACWI
ACWV
ACWX
ACXP
ADAP
ADBE
ADC
ADCT
ADEA
ADES
ADI
ADM
ADMA
ADN
ADNT
ADP
ADPT
ADSK
ADT
ADTN
ADUS
ADV
ADVM
AEE
AEG
AEHR
AEIS
AEL
AEM
AEO
AEP
AER
AES
AESI
AEVA
AEYE
AFCG
AFG
AFIB
AFK
AFL
AFMD
AFRM
AFTY
AFYA
AG
AGCO
AGEN
AGG
AGGY
AGI
AGIO
AGL
AGM
AGNC
AGNG
AGO
AGQ
AGR
AGRO
AGS
AGTI
AGX
AGYS
AGZ
AHCO
AHH
AHOY
AHT
AI
AIA
AIEQ
AIG
AIN
AIP
AIQ
AIR
AIRC
AIRG
AIRR
AIRS
AIT
AIV
AIVI
AIVL
AIZ
AJG
AJX
AKAM
AKBA
AKLI
AKR
AKRO
AKTS
AKYA
AL
ALB
ALC
ALCC
ALDX
ALE
ALEC
ALEX
ALG
ALGM
ALGN
ALGS
ALGT
ALHC
ALIM
ALIT
ALK
ALKS
ALKT
ALL
ALLE
ALLG
ALLK
ALLO
ALLT
ALLY
ALNT
ALNY
ALPN
ALPP
ALRM
ALRS
ALSN
ALT
ALTG
ALTL
ALTO
ALTR
ALTU
ALTY
ALUR
ALV
ALVR
ALXO
AM
AMAL
AMAM
AMAT
AMBA
AMBC
AMBP
AMC
AMCR
AMCX
AMD
AMDY
AME
AMED
AMEH
AMG
AMGN
AMH
AMJ
AMK
AMKR
AMLP
AMLX
AMN
AMNB
AMOM
AMP
AMPH
AMPL
AMPS
AMPX
AMPY
AMR
AMRC
AMRK
AMRN
AMRSQ
AMRX
AMSC
AMSF
AMSWA
AMT
AMTB
AMTI
AMTX
AMWD
AMWL
AMX
AMZA
AMZD
AMZN
AMZU
AMZY
AN
ANAB
ANDE
ANET
ANEW
ANF
ANGI
ANGL
ANGO
ANIK
ANIP
ANIX
ANNX
ANSS
ANVS
ANY
AOA
AOM
AON
AOR
AORT
AOS
AOSL
AOUT
AP
APA
APAM
APD
APDN
APEI
APG
APH
API
APLD
APLE
APLS
APLT
APLY
APO
APOG
APP
APPF
APPN
APPS
APT
APTV
APYX
AQMS
AQN
AQST
AQWA
AR
ARAV
ARAY
ARBE
ARBK
ARC
ARCB
ARCC
ARCH
ARCO
ARCT
ARDX
ARE
AREC
AREN
ARES
ARGT
ARGX
ARHS
ARI
ARIS
ARKF
ARKG
ARKK
ARKO
ARKQ
ARKW
ARKX
ARLO
ARLP
ARM
ARMK
ARMP
AROC
AROW
ARQQ
ARQT
ARR
ARRY
ARVL
ARVN
ARVR
ARW
ARWR
ASA
ASAI
ASAN
ASB
ASC
ASEA
ASGN
ASH
ASHR
ASHS
ASHX
ASIX
ASLE
ASLN
ASMB
ASML
ASND
ASO
ASPN
ASR
ASRT
ASRV
ASTE
ASTL
ASTR
ASTS
ASUR
ASX
ASXC
ASYS
ATAI
ATEC
ATEN
ATER
ATEX
ATGE
ATHA
ATHM
ATHX
ATI
ATKR
ATLC
ATLO
ATLX
ATMP
ATMU
ATNI
ATNM
ATO
ATOM
ATOS
ATR
ATRA
ATRC
ATRO
ATS
ATSG
ATUS
ATXS
AU
AUB
AUDC
AUGX
AUPH
AUR
AURA
AUTL
AVA
AVAH
AVAV
AVB
AVD
AVDE
AVDL
AVDV
AVDX
AVEM
AVGO
AVIR
AVLV
AVNS
AVNT
AVNW
AVO
AVPT
AVRE
AVRO
AVT
AVTR
AVUS
AVUV
AVXL
AVY
AWAY
AWI
AWK
AWR
AWRE
AX
AXDX
AXGN
AXL
AXNX
AXON
AXP
AXS
AXSM
AXTA
AXTI
AY
AYI
AYX
AZEK
AZN
AZO
AZPN
AZREF
AZTA
AZUL
AZZ
B
BA
BAB
BABA
BABX
BAC
BAH
BALL
BALT
BALY
BAM
BANC
BAND
BANF
BANR
BANX
BAP
BARK
BASE
BATRA
BATRK
BATT
BAX
BB
BBAI
BBAR
BBAX
BBC
BBCA
BBCP
BBD
BBDC
BBEU
BBH
BBIG
BBIN
BBIO
BBJP
BBMC
BBP
BBSI
BBU
BBUC
BBUS
BBVA
BBW
BBWI
BBY
BC
BCAB
BCBP
BCC
BCD
BCDA
BCE
BCEL
BCH
BCI
BCIM
BCLI
BCML
BCO
BCOV
BCPC
BCRX
BCS
BCSF
BCTX
BCYC
BDC
BDN
BDRY
BDSX
BDTX
BDX
BE
BEAM
BECN
BEDZ
BEEM
BEKE
BELFB
BEN
BEP
BEPC
BERY
BEST
BETZ
BF.A
BF.B
BFAM
BFH
BFI
BFIN
BFIT
BFIX
BFLY
BFOR
BFS
BFST
BFTR
BFX
BG
BGC
BGFV
BGNE
BGS
BGSF
BGXX
BHB
BHC
BHE
BHF
BHIL
BHLB
BHP
BHR
BHVN
BIB
BIBL
BIDU
BIG
BIGB
BIGC
BIIB
BIL
BILI
BILL
BILS
BIO
BIOR
BIOX
BIP
BIPC
BIRD
BIRK
BIS
BITF
BITI
BITO
BITQ
BITS
BITX
BIV
BIVI
BIZD
BJ
BJK
BJRI
BK
BKCC
BKCH
BKD
BKE
BKF
BKH
BKKT
BKLC
BKLN
BKNG
BKR
BKSY
BKU
BKX
BKYI
BL
BLBD
BLCN
BLCO
BLD
BLDE
BLDP
BLDR
BLFS
BLFY
BLK
BLKB
BLMN
BLND
BLNK
BLOK
BLPH
BLRX
BLUE
BLV
BLX
BLZE
BMA
BMBL
BMEA
BMED
BMI
BMO
BMRA
BMRC
BMRN
BMTX
BMY
BN
BND
BNDD
BNDX
BNED
BNGE
BNGO
BNL
BNO
BNRE
BNS
BNTX
BOAT
BOC
BOH
BOIL
BOKF
BOND
BOOM
BOOT
BORR
BOTZ
BOWL
BOX
BP
BPMC
BPOP
BPT
BPTH
BR
BRAG
BRBR
BRBS
BRC
BRCC
BRDG
BRDSQ
BRF
BRFS
BRK.B
BRKL
BRKR
BRLT
BRO
BROS
BRP
BRSP
BRT
BRX
BRY
BRZE
BRZU
BSAC
BSBR
BSET
BSGM
BSIG
BSM
BSRR
BSV
BSVO
BSX
BSY
BTAI
BTAL
BTBT
BTCM
BTCY
BTE
BTEK
BTF
BTG
BTI
BTTR
BTTX
BTU
BUD
BUG
BUR
BURL
BURU
BUSE
BUYZ
BUZZ
BV
BVH
BVN
BVS
BW
BWA
BWB
BWEN
BWET
BWMX
BWX
BWXT
BX
BXC
BXMT
BXP
BXSL
BY
BYD
BYND
BYOB
BYON
BYRN
BYSI
BZ
BZFD
BZH
BZQ
BZUN
C
CAAP
CAAS
CABA
CAC
CACC
CACI
CADE
CAE
CAF
CAG
CAH
CAKE
CAL
CALF
CALM
CALT
CALX
CAMP
CAMT
CAN
CANE
CAPL
CAPR
CAR
CARA
CARE
CARG
CARR
CARS
CART
CARZ
CASA
CASH
CASI
CASS
CASY
CAT
CATC
CATH
CATO
CATY
CAVA
CB
CBAN
CBAT
CBAY
CBD
CBL
CBNK
CBOE
CBRE
CBRL
CBSH
CBT
CBU
CBZ
CC
CCAP
CCB
CCBG
CCCC
CCCS
CCEP
CCI
CCJ
CCK
CCL
CCLD
CCLP
CCNE
CCO
CCOI
CCOR
CCRN
CCRV
CCS
CCSI
CCU
CD
CDAY
CDC
CDE
CDEI
CDL
CDLX
CDMO
CDNA
CDNS
CDP
CDRE
CDTX
CDW
CDXC
CDXS
CDZI
CE
CECO
CEG
CEI
CEIX
CELC
CELH
CELU
CEMB
CENN
CENT
CENTA
CENX
CEPU
CERE
CERS
CERT
CEVA
CEW
CF
CFA
CFB
CFFN
CFG
CFLT
CFO
CFR
CG
CGA
CGAU
CGBD
CGC
CGDV
CGEM
CGEN
CGGR
CGNT
CGNX
CGRNQ
CGUS
CGW
CHAT
CHAU
CHB
CHCO
CHCT
CHD
CHDN
CHE
CHEF
CHGG
CHH
CHIC
CHIE
CHIH
CHII
CHIK
CHIM
CHIQ
CHIR
CHIS
CHIU
CHIX
CHK
CHKP
CHMI
CHPT
CHRD
CHRS
CHRW
CHS
CHT
CHTR
CHUY
CHWY
CHX
CI
CIA
CIB
CIBR
CIEN
CIFR
CIG
CIGI
CIM
CINF
CINT
CIO
CION
CISO
CIVB
CIVI
CKPT
CL
CLAR
CLB
CLBK
CLBT
CLDL
CLDT
CLDX
CLF
CLFD
CLGN
CLH
CLIR
CLIX
CLLS
CLMT
CLNE
CLNN
CLOU
CLOV
CLPR
CLPS
CLPT
CLS
CLSA
CLSC
CLSD
CLSK
CLVT
CLW
CLX
CM
CMA
CMAX
CMBM
CMBS
CMC
CMCL
CMCM
CMCO
CMCSA
CMCT
CMDY
CME
CMF
CMG
CMI
CMLS
CMP
CMPO
CMPR
CMPS
CMRE
CMRX
CMS
CMTG
CMTL
CN
CNA
CNBS
CNC
CNDT
CNHI
CNI
CNK
CNM
CNMD
CNNE
CNO
CNOB
CNP
CNQ
CNS
CNSL
CNTA
CNTB
CNTY
CNX
CNXC
CNXN
CNXT
CNYA
COCO
CODI
CODX
COF
COGT
COHR
COHU
COIN
COLB
COLD
COLL
COLM
COM
COMB
COMM
COMP
COMT
CONL
CONN
CONX
CONY
COO
COOK
COOP
COP
COPX
COR
CORN
CORR
CORT
CORZQ
COSM
COST
COTY
COUR
COWS
COWZ
CP
CPA
CPB
CPE
CPER
CPF
CPG
CPII
CPIX
CPK
CPLP
CPNG
CPRI
CPRT
CPRX
CPS
CPSH
CPSI
CPSS
CPT
CQP
CQQQ
CR
CRAI
CRAK
CRBG
CRBN
CRBU
CRC
CRCT
CRD.A
CRDF
CRDL
CRDO
CRESY
CRGE
CRGY
CRH
CRI
CRIT
CRK
CRL
CRM
CRMD
CRNC
CRNT
CRNX
CRON
CROX
CRPT
CRS
CRSP
CRSR
CRTO
CRUS
CRUZ
CRVL
CRVS
CRWD
CRWS
CSB
CSBR
CSCO
CSD
CSGP
CSGS
CSIQ
CSL
CSM
CSR
CSSE
CSTE
CSTL
CSTM
CSTR
CSV
CSWC
CSWI
CSX
CTAS
CTBI
CTEC
CTEX
CTG
CTKB
CTLP
CTLT
CTMX
CTO
CTOS
CTRA
CTRE
CTRM
CTRN
CTS
CTSH
CTSO
CTVA
CTXR
CUBE
CUBI
CUE
CUK
CULP
CURE
CURI
CURO
CURV
CUT
CUTR
CUZ
CVAC
CVBF
CVCO
CVCY
CVE
CVEO
CVGI
CVGW
CVI
CVIE
CVII
CVLC
CVLG
CVLT
CVM
CVMC
CVNA
CVRX
CVS
CVSE
CVU
CVX
CVY
CW
CWAN
CWB
CWCO
CWEB
CWEN
CWEN.A
CWH
CWI
CWK
CWS
CWST
CWT
CX
CXDO
CXM
CXSE
CXT
CXW
CYBR
CYCC
CYD
CYH
CYN
CYRX
CYTK
CYXTQ
CZNC
CZOO
CZR
D
DAC
DADA
DAIO
DAKT
DAL
DAN
DAO
DAPP
DAR
DASH
DAT
DAVA
DAWN
DAX
DB
DBA
DBB
DBC
DBE
DBEF
DBEM
DBEU
DBI
DBJP
DBMF
DBO
DBP
DBRG
DBVT
DBX
DC
DCBO
DCFC
DCGO
DCI
DCO
DCOM
DCPH
DCTH
DD
DDD
DDL
DDLS
DDM
DDOG
DDWM
DE
DEA
DECK
DEEP
DEI
DELL
DEM
DENN
DEO
DES
DESK
DESP
DEUS
DEW
DFAC
DFAI
DFAR
DFAS
DFAT
DFAU
DFAX
DFE
DFEN
DFGR
DFH
DFIC
DFIN
DFIP
DFIS
DFIV
DFJ
DFLI
DFLV
DFNL
DFS
DFSU
DFSV
DFUS
DFUV
DG
DGICA
DGII
DGIN
DGRO
DGRS
DGRW
DGS
DGT
DGX
DH
DHC
DHI
DHR
DHS
DHT
DHX
DIA
DIBS
DIDIY
DIG
DIHP
DIN
DINO
DIOD
DIS
DISH
DISO
DISV
DIV
DIVB
DIVI
DIVO
DJD
DJIA
DJP
DJX
DK
DKL
DKNG
DKS
DLB
DLHC
DLN
DLNG
DLO
DLPN
DLR
DLS
DLTH
DLTR
DLX
DM
DMAC
DMAT
DMLP
DMRC
DMTK
DNA
DNB
DNL
DNLI
DNMR
DNN
DNOW
DNUT
DO
DOC
DOCN
DOCS
DOCU
DOG
DOL
DOLE
DOMA
DOMO
DON
DOOO
DOOR
DORM
DOUG
DOV
DOW
DOX
DOYU
DPRO
DPST
DPZ
DQ
DRD
DRH
DRI
DRIO
DRIP
DRIV
DRLL
DRN
DRQ
DRRX
DRS
DRSK
DRTTF
DRUP
DRV
DRVN
DSGN
DSGR
DSGX
DSHK
DSI
DSKE
DSL
DSP
DSTL
DSX
DT
DTC
DTD
DTE
DTEC
DTH
DTIL
DTM
DUBS
DUG
DUHP
DUK
DUOL
DURA
DUSL
DUST
DV
DVA
DVAX
DVN
DVOL
DVY
DVYE
DWAC
DWAS
DWM
DWX
DX
DXC
DXCM
DXD
DXJ
DXJS
DXLG
DXPE
DXYN
DY
DYAI
DYLG
DYN
DZSI
E
EA
EAF
EAGG
EARN
EAT
EATV
EATZ
EB
EBAY
EBC
EBET
EBF
EBIX
EBIXQ
EBIZ
EBLU
EBND
EBS
EBTC
EC
ECH
ECL
ECLN
ECNS
ECON
ECOW
ECPG
ECVT
ED
EDAP
EDC
EDIT
EDIV
EDOC
EDOW
EDR
EDU
EDV
EDZ
EE
EEFT
EELV
EEM
EEMS
EEMV
EEMX
EES
EET
EETH
EEV
EEX
EFA
EFAS
EFAV
EFAX
EFC
EFG
EFO
EFSC
EFTR
EFUT
EFV
EFX
EFXT
EFZ
EG
EGAN
EGBN
EGHT
EGIO
EGLE
EGLXF
EGO
EGP
EGRX
EGY
EH
EHAB
EHC
EHTH
EIDO
EIG
EIGR
EINC
EIX
EKG
EKSO
EL
ELA
ELAN
ELD
ELDN
ELF
ELMD
ELME
ELMSQ
ELP
ELS
ELV
ELVN
ELYS
EMB
EMBC
EMBD
EME
EMFM
EMFQ
EMGF
EMKR
EMLC
EMLP
EMN
EMQQ
EMR
EMTY
EMWPF
EMX
EMXC
ENB
ENDPQ
ENFN
ENFR
ENG
ENIC
ENLC
ENLT
ENLV
ENOV
ENPH
ENR
ENRG
ENS
ENSG
ENSV
ENTA
ENTG
ENTX
ENV
ENVA
ENVX
ENZ
ENZL
EOG
EOLS
EOSE
EPAC
EPAM
EPC
EPD
EPI
EPIX
EPM
EPP
EPR
EPRT
EPS
EPSN
EPV
EQ
EQAL
EQBK
EQC
EQH
EQIX
EQL
EQNR
EQOSQ
EQR
EQT
EQTY
EQWL
EQX
ERAS
ERF
ERIC
ERIE
ERII
ERJ
ERO
ERTH
ERX
ERY
ES
ESAB
ESCA
ESE
ESGD
ESGE
ESGR
ESGU
ESI
ESLT
ESMT
ESNT
ESPO
ESPR
ESRT
ESS
ESSA
ESTA
ESTC
ET
ETD
ETN
ETNB
ETON
ETR
ETRN
ETSY
ETWO
EU
EUFN
EUM
EUO
EURL
EURN
EUSA
EVA
EVAV
EVAX
EVBG
EVC
EVCM
EVER
EVEX
EVGN
EVGO
EVH
EVLV
EVMT
EVR
EVRG
EVRI
EVTC
EVTL
EVTV
EVX
EW
EWA
EWBC
EWC
EWCZ
EWD
EWG
EWH
EWI
EWJ
EWK
EWL
EWM
EWN
EWP
EWQ
EWS
EWT
EWTX
EWU
EWUS
EWV
EWW
EWX
EWY
EWZ
EWZS
EXAI
EXAS
EXC
EXEL
EXFY
EXI
EXK
EXLS
EXP
EXPD
EXPE
EXPI
EXPO
EXR
EXTR
EYE
EYEN
EYPT
EZA
EZJ
EZM
EZPW
EZU
F
FA
FAB
FAD
FAF
FALN
FAN
FANG
FANH
FARM
FARO
FAS
FAST
FATE
FAZ
FAZE
FBIN
FBIO
FBIZ
FBK
FBL
FBMS
FBNC
FBND
FBOT
FBP
FBRT
FBRX
FBT
FBY
FBZ
FC
FCA
FCBC
FCEL
FCF
FCFS
FCG
FCLD
FCN
FCNCA
FCOM
FCPI
FCPT
FCUV
FCX
FDD
FDHT
FDIG
FDIS
FDL
FDLO
FDMO
FDMT
FDN
FDNI
FDP
FDRR
FDRV
FDS
FDT
FDUS
FDVV
FDX
FE
FEAM
FELE
FEM
FEMS
FENC
FENG
FENY
FEP
FERG
FET
FEUZ
FEX
FEZ
FF
FFBC
FFIC
FFIE
FFIN
FFIV
FFTY
FFWM
FG
FGD
FGEN
FGH
FGM
FHB
FHI
FHLC
FHN
FHTX
FI
FIBK
FICO
FID
FIDI
FIDU
FIGS
FILL
FINV
FINX
FIP
FIS
FISI
FITB
FITE
FIVA
FIVE
FIVG
FIVN
FIW
FIX
FIXD
FIXX
FIZZ
FJP
FKWL
FL
FLAX
FLBR
FLCH
FLEX
FLGT
FLIC
FLJH
FLJP
FLL
FLNC
FLNG
FLNT
FLO
FLOT
FLOW
FLQL
FLQM
FLR
FLRN
FLS
FLT
FLTN
FLUX
FLWS
FLYW
FM
FMAO
FMAT
FMBH
FMC
FMET
FMNB
FMS
FMX
FN
FNA
FNB
FNCB
FNCL
FND
FNDA
FNDB
FNDC
FNDE
FNDF
FNDX
FNF
FNGG
FNGR
FNGS
FNK
FNKO
FNLC
FNV
FNX
FNY
FOA
FOLD
FOR
FORA
FORM
FORR
FOSL
FOUR
FOX
FOXA
FOXF
FPE
FPH
FPI
FPX
FPXI
FQAL
FR
FRBA
FRBK
FRCB
FREE
FREL
FREY
FRGE
FRHC
FRI
FRME
FRNW
FRO
FROG
FRPT
FRSH
FRST
FRSX
FRT
FSK
FSLR
FSLY
FSM
FSMB
FSMD
FSP
FSR
FSS
FSTA
FSTR
FSV
FSZ
FTA
FTAG
FTAI
FTC
FTCH
FTCHF
FTCI
FTCS
FTDR
FTEC
FTEK
FTFT
FTGC
FTHI
FTHM
FTI
FTK
FTLS
FTNT
FTQI
FTRE
FTRI
FTS
FTSL
FTSM
FTV
FTXG
FTXH
FTXL
FTXN
FTXO
FTXR
FUBO
FUL
FULC
FULT
FUMB
FUN
FUSN
FUTU
FUTY
FV
FVAL
FVCB
FVD
FVRR
FWONA
FWONK
FWRD
FWRG
FXA
FXB
FXC
FXD
FXE
FXF
FXG
FXH
FXI
FXL
FXLV
FXN
FXO
FXP
FXR
FXU
FXY
FXZ
FYBR
FYC
FYLD
FYLG
FYT
FYX
G
GABC
GAIA
GAIN
GAL
GALT
GAMB
GAMR
GAN
GANX
GASS
GATO
GATX
GAU
GB
GBCI
GBDC
GBIL
GBIO
GBLD
GBTG
GBX
GCC
GCI
GCLN
GCMG
GCO
GCOR
GCT
GD
GDDY
GDE
GDEF
GDEN
GDOC
GDOT
GDRX
GDS
GDVD
GDX
GDXJ
GDYN
GE
GEF
GEHC
GEL
GEM
GEN
GENC
GENE
GENI
GEO
GEOS
GERM
GERN
GES
GETY
GEVO
GFF
GFI
GFL
GFOF
GFS
GGAL
GGB
GGG
GGLL
GGLS
GGME
GGR
GH
GHI
GHM
GHRS
GHYB
GIB
GIC
GIFI
GIGB
GII
GIII
GIL
GILD
GILT
GINN
GIS
GK
GKOS
GL
GLAD
GLBE
GLBS
GLD
GLDB
GLDD
GLDX
GLIN
GLL
GLNG
GLOB
GLOV
GLP
GLPG
GLPI
GLRE
GLT
GLTO
GLUE
GLW
GLYC
GM
GMAB
GMDA
GME
GMED
GMET
GMF
GMGI
GMRE
GMS
GNE
GNK
GNL
GNOM
GNPX
GNR
GNRC
GNSS
GNTX
GNTY
GNW
GO
GOAU
GOEV
GOEX
GOGL
GOGO
GOL
GOLD
GOLF
GOOD
GOOG
GOOGL
GOOS
GOOY
GORO
GOSS
GOTU
GOVT
GOVZ
GP
GPC
GPCR
GPI
GPK
GPMT
GPN
GPOR
GPP
GPRE
GPRK
GPRO
GPS
GRAB
GRBK
GRC
GRCL
GREK
GRFS
GRID
GRIN
GRMN
GRN
GRND
GRNR
GRNT
GROV
GROW
GROY
GRPH
GRPM
GRPN
GRRR
GRTS
GRTX
GRWG
GS
GSAT
GSBC
GSBD
GSEW
GSG
GSHD
GSIE
GSIT
GSK
GSL
GSLC
GSM
GSPY
GSUS
GSY
GT
GTBP
GTE
GTEK
GTES
GTHX
GTIM
GTLB
GTLS
GTN
GTX
GTY
GUNR
GURE
GURU
GUSH
GVA
GVI
GVIP
GVLU
GWH
GWRE
GWRS
GWW
GWX
GXC
GXG
GXO
GXTG
GYLD
H
HA
HACK
HAE
HAFC
HAIL
HAIN
HAL
HALO
HAP
HARD
HAS
HASI
HAUS
HAUZ
HAYN
HAYW
HBAN
HBB
HBCP
HBI
HBIO
HBM
HBNC
HBT
HCA
HCAT
HCC
HCI
HCKT
HCM
HCOM
HCP
HCSG
HD
HDB
HDEF
HDG
HDGE
HDRO
HDSN
HDV
HE
HEAR
HEDJ
HEEM
HEES
HEFA
HEI
HEI.A
HELE
HELX
HEQT
HERO
HES
HESM
HEWG
HEWJ
HEZU
HFFG
HFND
HFWA
HGEN
HGER
HGTY
HGV
HGX
HHH
HI
HIBB
HIBL
HIBS
HIG
HII
HIMS
HIMX
HIPO
HITI
HIVE
HIW
HJEN
HL
HLF
HLI
HLIO
HLIT
HLLY
HLMN
HLN
HLNE
HLT
HLTH
HLX
HMC
HMN
HMST
HMY
HNDL
HNI
HNRG
HNST
HOFT
HOG
HOLI
HOLX
HOMB
HOMZ
HON
HONE
HOOD
HOOK
HOPE
HOUS
HOWL
HP
HPE
HPK
HPP
HPQ
HQY
HR
HRB
HRI
HRL
HRMY
HROW
HRT
HRTG
HRTX
HRZN
HSAI
HSBC
HSIC
HSII
HST
HSTM
HSY
HTBI
HTBK
HTEC
HTGC
HTH
HTHT
HTLD
HTLF
HTOO
HTZ
HUBB
HUBG
HUBS
HUGE
HUM
HUMA
HUN
HURN
HUSA
HUT
HUYA
HVT
HWC
HWKN
HWM
HXL
HY
HYBB
HYD
HYDR
HYEM
HYFM
HYG
HYGH
HYLB
HYLG
HYLN
HYMB
HYMC
HYPR
HYREQ
HYS
HYSA
HYXU
HYZD
HYZN
HZO
IAC
IAG
IAGG
IAI
IAK
IART
IAS
IAT
IAU
IAUF
IBB
IBBQ
IBCP
IBEX
IBKR
IBLC
IBM
IBN
IBND
IBOC
IBP
IBRN
IBRX
IBTX
IBUY
ICAD
ICD
ICE
ICF
ICFI
ICHR
ICL
ICLK
ICLN
ICLR
ICMB
ICOP
ICSH
ICUI
ICVT
ICVX
IDA
IDAT
IDCC
IDEV
IDEX
IDGT
IDHQ
IDLV
IDN
IDNA
IDR
IDRV
IDT
IDU
IDUB
IDV
IDVO
IDXX
IDYA
IE
IEDI
IEF
IEFA
IEI
IEMG
IEO
IEP
IESC
IETC
IEUR
IEV
IEX
IEZ
IFF
IFGL
IFRA
IFRX
IFV
IGC
IGE
IGF
IGHG
IGIB
IGIC
IGLB
IGLD
IGM
IGMS
IGOV
IGPT
IGRO
IGSB
IGT
IGV
IHAK
IHDG
IHE
IHF
IHI
IHRT
IHS
IHY
III
IIIN
IIIV
IIPR
IJH
IJJ
IJK
IJR
IJS
IJT
ILCB
ILCG
ILF
ILIT
ILLMF
ILMN
ILPT
IMAB
IMAX
IMBIQ
IMCG
IMCR
IMGN
IMKTA
IMMP
IMMR
IMNM
IMO
IMOS
IMPP
IMTM
IMTX
IMUX
IMVT
IMXI
INBK
INBX
INCO
INCR
INCY
INDA
INDB
INDI
INDL
INDS
INDY
INFA
INFIQ
INFL
INFN
INFU
INFY
ING
INGN
INGR
INKM
INMB
INMD
INN
INNV
INO
INOD
INQQ
INSE
INSG
INSM
INSP
INST
INSW
INTA
INTC
INTF
INTR
INTT
INTU
INTZ
INVA
INVE
INVH
INVZ
INZY
ION
IONQ
IONS
IOO
IOSP
IOT
IOVA
IP
IPA
IPAC
IPAR
IPAY
IPG
IPGP
IPI
IPKW
IPO
IPOS
IPSC
IQ
IQDF
IQDG
IQLT
IQM
IQV
IR
IRBO
IRBT
IRDM
IREN
IRIX
IRM
IRMD
IRNTQ
IRON
IRS
IRT
IRTC
IRVH
IRWD
ISHP
ISPR
ISRA
ISRG
ISSC
ISTB
ISUN
IT
ITA
ITB
ITCI
ITEQ
ITGR
ITI
ITM
ITOS
ITOT
ITP
ITRI
ITRN
ITT
ITUB
ITW
IUSB
IUSG
IUSV
IVAC
IVE
IVEG
IVES
IVLU
IVOG
IVOL
IVOO
IVOV
IVR
IVRS
IVT
IVV
IVVD
IVW
IVZ
IWB
IWC
IWD
IWF
IWFH
IWIN
IWL
IWM
IWN
IWO
IWP
IWR
IWS
IWV
IWX
IWY
IXC
IXG
IXJ
IXN
IXP
IXUS
IYC
IYE
IYF
IYG
IYH
IYJ
IYK
IYM
IYR
IYT
IYW
IYY
IYZ
IZEA
IZRL
J
JAAA
JACK
JAKK
JAMF
JANX
JAZZ
JBGS
JBHT
JBI
JBL
JBLU
JBSS
JBT
JCI
JCPI
JD
JDST
JEF
JELD
JEPI
JEPQ
JEPY
JETS
JFIN
JHG
JHML
JHMM
JHX
JIRE
JJSF
JKHY
JKS
JLL
JMBS
JMIA
JMSB
JMST
JNJ
JNK
JNPR
JNUG
JOAN
JOBY
JOE
JOET
JPEM
JPIN
JPM
JPMO
JPSE
JPST
JPUS
JQUA
JRVR
JSML
JSPR
JSTC
JUCY
JUST
JVAL
JWN
JXI
JXN
JYNT
K
KAI
KALL
KALU
KALV
KAMN
KAR
KARS
KB
KBA
KBE
KBH
KBNT
KBR
KBUY
KBWB
KBWD
KBWP
KBWR
KBWY
KC
KCCA
KCE
KD
KDIV
KDP
KE
KELYA
KEM
KEMQ
KEMX
KEN
KEP
KEUA
KEX
KEY
KEYS
KFRC
KFS
KFVG
KFY
KGC
KGRN
KGRO
KGS
KHC
KIDS
KIE
KIM
KIND
KINS
KIRK
KKR
KLAC
KLG
KLIC
KLIP
KLNE
KLTR
KLXE
KLXY
KMB
KMDA
KMET
KMI
KMLM
KMPR
KMT
KMX
KN
KNCT
KNDI
KNF
KNOP
KNSA
KNSL
KNTE
KNTK
KNX
KO
KOD
KODK
KOF
KOIN
KOLD
KOMP
KOP
KOPN
KORU
KOS
KPTI
KR
KRBN
KRC
KRE
KREF
KRG
KRMA
KRMD
KRNT
KRNY
KRO
KRON
KROP
KROS
KRP
KRTX
KRYS
KSA
KSEA
KSS
KSTR
KT
KTB
KTCC
KTEC
KTOS
KULR
KURA
KURE
KVHI
KVLE
KVSA
KVUE
KVYO
KW
KWEB
KWR
KXI
KXIN
KYMR
KYN
KZIA
KZR
L
LAAC
LAB
LABD
LABU
LAC
LAD
LADR
LAKE
LAMR
LANC
LAND
LASR
LAUR
LAW
LAZ
LAZR
LAZY
LBAI
LBC
LBRDA
LBRDK
LBRT
LBTYA
LBTYK
LC
LCID
LCII
LCNB
LCTD
LCTU
LCTX
LCUT
LDEM
LDI
LDOS
LE
LEA
LECO
LEG
LEGH
LEGN
LEGR
LEMB
LEN
LESL
LEU
LEV
LEVI
LFCR
LFMD
LFST
LFUS
LFVN
LGF.A
LGF.B
LGIH
LGLV
LGND
LGO
LH
LHX
LI
LICY
LIFE
LIFW
LII
LILA
LILAK
LILM
LIN
LINC
LIND
LIT
LITE
LITM
LIVN
LIZI
LKFN
LKQ
LL
LLAP
LLY
LLYVA
LMAT
LMB
LMBS
LMFA
LMND
LMNR
LMT
LNC
LNG
LNGG
LNN
LNSR
LNT
LNTH
LNW
LNZA
LOAN
LOB
LOCO
LODE
LOGI
LOMA
LOOP
LOPE
LOUP
LOVE
LOVLQ
LOW
LPG
LPL
LPLA
LPRO
LPSN
LPTX
LPX
LQD
LQDA
LQDH
LQDI
LQDT
LQIG
LRCX
LRGF
LRMR
LRN
LRND
LRNZ
LSAK
LSCC
LSEA
LSPD
LSTR
LSXMA
LSXMK
LTBR
LTC
LTCH
LTH
LTHM
LTL
LTPZ
LTRN
LTRPA
LTRX
LU
LULU
LUMN
LUNA
LUNG
LUV
LUXX
LVHD
LVLU
LVO
LVOX
LVS
LVTX
LVWR
LW
LWLG
LX
LXFR
LXP
LXRX
LXU
LYB
LYEL
LYFT
LYG
LYRA
LYTS
LYV
LZ
LZB
M
MA
MAA
MAC
MACK
MAG
MAGA
MAGS
MAIN
MAKX
MAMA
MAN
MANH
MANU
MAPS
MAR
MARA
MARK
MAS
MASI
MASS
MAT
MATV
MATW
MATX
MAX
MAXI
MAXN
MBB
MBC
MBI
MBIN
MBLY
MBOT
MBUU
MBWM
MC
MCB
MCBC
MCBS
MCD
MCFT
MCHI
MCHP
MCHX
MCK
MCO
MCRB
MCRI
MCS
MCW
MCY
MD
MDB
MDC
MDEV
MDGL
MDGS
MDIV
MDLZ
MDRX
MDT
MDU
MDWD
MDXG
MDY
MDYG
MDYV
ME
MEC
MED
MEDP
MEG
MEI
MEIP
MELI
MEME
MEOH
MERC
MESA
MESO
MET
META
METC
METV
MEXX
MFA
MFC
MFG
MFIC
MFIN
MG
MGA
MGC
MGEE
MGIC
MGK
MGM
MGNI
MGNX
MGPI
MGRC
MGTX
MGV
MGY
MHK
MHLD
MHO
MI
MIDD
MIDU
MILN
MIMO
MINT
MIR
MIRM
MIRO
MISL
MIST
MITK
MITT
MIXT
MJ
MKC
MKFG
MKL
MKSI
MKTW
MKTX
MLCO
MLI
MLKN
MLM
MLN
MLNK
MLPA
MLPX
MLR
MLSS
MLTX
MLYS
MMAT
MMC
MMI
MMLP
MMM
MMS
MMSI
MMTM
MMYT
MNA
MNDO
MNDY
MNKD
MNMD
MNOV
MNRO
MNSO
MNST
MNTK
MNTX
MNY
MO
MOAT
MOD
MODG
MODN
MODV
MOFG
MOG.A
MOGO
MOH
MOMO
MOO
MOON
MOR
MORF
MORN
MORT
MOS
MOV
MP
MPAA
MPB
MPC
MPLN
MPLX
MPW
MPWR
MPX
MQ
MRAM
MRC
MRCC
MRCY
MREO
MRIN
MRK
MRNA
MRNS
MRNY
MRO
MRSN
MRTN
MRTX
MRUS
MRUT
MRVI
MRVL
MS
MSA
MSB
MSBI
MSCI
MSEX
MSFD
MSFO
MSFT
MSFU
MSGE
MSGS
MSI
MSM
MSOS
MSOX
MSTR
MT
MTA
MTB
MTCH
MTD
MTDR
MTG
MTH
MTLS
MTN
MTRN
MTRX
MTSI
MTTR
MTUM
MTW
MTX
MTZ
MU
MUB
MUFG
MUNI
MUR
MUSA
MUX
MVBF
MVIS
MVO
MVPS
MVST
MVV
MWA
MX
MXCT
MXEA
MXEF
MXI
MXL
MYE
MYGN
MYMD
MYPS
MYRG
MYTE
MYY
MZZ
NAAS
NABL
NAIL
NAK
NAN
NANR
NAPA
NARI
NAT
NATL
NATR
NAUT
NAVB
NAVI
NB
NBHC
NBIX
NBR
NBTB
NCLH
NCMI
NCNO
NDAQ
NDLS
NDSN
NDX
NE
NEAR
NECB
NEE
NEGG
NEM
NEO
NEOG
NEON
NEP
NERD
NET
NETI
NETL
NETZ
NEU
NEWP
NEWT
NEXA
NEXT
NFBK
NFE
NFG
NFGC
NFLX
NFLY
NFRA
NFTY
NG
NGD
NGG
NGL
NGM
NGMS
NGS
NGVC
NGVT
NHC
NHI
NHTC
NHWK
NI
NIC
NICE
NINE
NIO
NIU
NJR
NKE
NKLA
NKTR
NKTX
NL
NLR
NLY
NM
NMFC
NMG
NMIH
NMM
NMR
NMRA
NMRD
NMRK
NMTC
NMTRQ
NN
NNBR
NNDM
NNI
NNN
NNOX
NNVC
NOA
NOAH
NOBL
NOC
NOG
NOK
NOMD
NOTE
NOTV
NOV
NOVA
NOVNQ
NOVT
NOW
NPO
NPWR
NQX
NR
NRC
NRDS
NRDY
NREF
NRG
NRGV
NRIX
NRP
NRT
NRXP
NS
NSA
NSC
NSIT
NSP
NSPR
NSSC
NSTB
NSTG
NTAP
NTB
NTCO
NTCT
NTES
NTGR
NTLA
NTNX
NTR
NTRA
NTRL
NTRS
NTST
NTSX
NTWK
NU
NUE
NUGT
NUS
NUSC
NUSI
NUVB
NUVL
NVAX
NVCR
NVD
NVDA
NVDD
NVDL
NVDQ
NVDS
NVDU
NVDX
NVDY
NVEE
NVEI
NVGS
NVMI
NVNO
NVO
NVQ
NVRI
NVRO
NVS
NVST
NVT
NVTA
NVTS
NVVE
NVX
NWBI
NWE
NWG
NWL
NWN
NWPX
NWS
NWSA
NX
NXDT
NXE
NXPI
NXRT
NXST
NXT
NXTC
NXTG
NYCB
NYMT
NYMXF
NYT
NZAC
NZUS
O
OABI
OACP
OARK
OB
OBDC
OBE
OBK
OBOR
OC
OCEA
OCFC
OCFT
OCGN
OCN
OCSL
OCUL
OCUP
ODD
ODDS
ODFL
ODP
ODV
OEC
OEF
OESX
OEX
OFG
OFIX
OFS
OGE
OGI
OGIG
OGN
OGS
OHI
OI
OIH
OII
OILK
OIS
OKE
OKTA
OLED
OLK
OLLI
OLMA
OLN
OLO
OLP
OLPX
OM
OMAB
OMC
OMCL
OMER
OMEX
OMF
OMFL
OMGA
OMI
OMIC
ON
ONB
ONCR
ONCT
OND
ONDS
ONEO
ONEQ
ONEV
ONEW
ONEY
ONL
ONLN
ONON
ONTF
ONTO
ONTX
ONVO
OOMA
OOTO
OPAD
OPAL
OPBK
OPCH
OPEN
OPFI
OPI
OPK
OPRA
OPRT
OPRX
OPTT
OPY
OR
ORA
ORAN
ORC
ORCL
ORGN
ORGO
ORGS
ORI
ORIC
ORLA
ORLY
ORMP
ORN
ORRF
ORTX
OSBC
OSCR
OSG
OSIS
OSK
OSPN
OSS
OSUR
OSW
OSX
OTEX
OTIS
OTLY
OTTR
OUNZ
OUSA
OUSM
OUST
OUT
OVID
OVLH
OVT
OVV
OWL
OXM
OXSQ
OXY
OZK
OZON
PAA
PAAS
PACB
PACK
PAG
PAGP
PAGS
PAHC
PALC
PAM
PANL
PANW
PAR
PARA
PARAA
PARR
PASG
PATH
PATK
PAVE
PAVM
PAWZ
PAX
PAY
PAYC
PAYO
PAYS
PAYX
PB
PBA
PBD
PBE
PBF
PBH
PBI
PBJ
PBP
PBPB
PBR
PBR.A
PBT
PBW
PBYI
PCAR
PCB
PCEF
PCG
PCH
PCOR
PCRX
PCT
PCTI
PCTY
PCVX
PCY
PCYO
PD
PDBA
PDBC
PDCO
PDD
PDFS
PDM
PDN
PDP
PDS
PDSB
PEAK
PEB
PEBO
PECO
PEG
PEGA
PEJ
PEN
PENN
PEO
PEP
PERI
PESI
PETQ
PETS
PEY
PEZ
PFBC
PFC
PFE
PFF
PFFA
PFFD
PFFV
PFG
PFGC
PFI
PFIX
PFLT
PFM
PFMT
PFS
PFSI
PFXF
PG
PGC
PGEN
PGF
PGJ
PGNY
PGR
PGRE
PGRU
PGTI
PGX
PGY
PH
PHAT
PHB
PHG
PHIN
PHM
PHO
PHR
PHUN
PHX
PI
PICK
PID
PIE
PII
PILL
PIN
PINC
PINE
PINK
PINS
PIO
PIPR
PIRS
PIZ
PJP
PJT
PK
PKB
PKBK
PKE
PKG
PKOH
PKST
PKW
PKX
PL
PLAB
PLAY
PLBY
PLCE
PLD
PLG
PLL
PLMR
PLNT
PLOW
PLRX
PLSE
PLTK
PLTR
PLUG
PLUR
PLUS
PLX
PLXS
PLYA
PLYM
PM
PMCB
PMT
PMVP
PNC
PNFP
PNM
PNNT
PNQI
PNR
PNT
PNTG
PNW
PODD
POET
POOL
POR
POST
POTX
POWA
POWI
POWL
POWW
PP
PPA
PPBI
PPBT
PPC
PPG
PPH
PPIH
PPL
PPSI
PPTA
PR
PRA
PRAA
PRAX
PRCH
PRCT
PRDO
PRF
PRFT
PRFZ
PRG
PRGO
PRGS
PRI
PRIM
PRK
PRLB
PRLD
PRM
PRME
PRMW
PRN
PRNT
PRO
PROF
PROK
PRPH
PRPL
PRQR
PRSO
PRTA
PRTG
PRTS
PRU
PRVA
PSA
PSCC
PSCD
PSCE
PSCF
PSCH
PSCI
PSCM
PSCT
PSEC
PSEP
PSFE
PSI
PSIL
PSK
PSL
PSMT
PSN
PSNL
PSNY
PSO
PSP
PSQ
PSQH
PSR
PST
PSTG
PSTL
PSTX
PSX
PTBD
PTC
PTCT
PTEC
PTEN
PTF
PTGX
PTH
PTLC
PTLO
PTMN
PTN
PTNQ
PTON
PTRAQ
PTVE
PUBM
PUI
PUK
PULS
PUMP
PUTW
PVBC
PVH
PVL
PWB
PWFL
PWP
PWR
PWSC
PWV
PWZ
PX
PXD
PXE
PXF
PXH
PXI
PXJ
PXLW
PYCR
PYPL
PYPY
PYRGF
PYXS
PYZ
PZA
PZZA
QABA
QAI
QBTS
QCLN
QCOM
QCRH
QD
QDEF
QDEL
QDF
QDIV
QDPL
QEFA
QEMM
QFIN
QGEN
QGRO
QID
QIPT
QLD
QLYS
QMCO
QMOM
QNCX
QNST
QPFF
QPX
QQEW
QQH
QQQ
QQQA
QQQE
QQQJ
QQQM
QQQY
QQXT
QRFT
QRHC
QRMI
QRTEA
QRVO
QS
QSI
QSR
QTEC
QTRX
QTUM
QTWO
QUAD
QUAL
QUBT
QUIK
QURE
QUS
QWLD
QYLD
QYLE
QYLG
R
RAAX
RACE
RADCQ
RAIL
RAIN
RAMP
RANI
RAPT
RARE
RAVE
RAYS
RBA
RBB
RBBN
RBC
RBCAA
RBLD
RBLX
RBOT
RBT
RC
RCAT
RCEL
RCI
RCKT
RCL
RCM
RCMT
RCON
RCUS
RDFN
RDI
RDIV
RDN
RDNT
RDUS
RDVI
RDVT
RDVY
RDW
RDWR
RDY
REAL
REAX
REE
REET
REFI
REFR
REG
REGL
REGN
REI
REK
REKR
RELL
RELX
RELY
REM
REMX
RENB
RENT
REPL
REPX
RES
RESI
RETL
REVG
REW
REX
REXR
REYN
REZ
REZI
RF
RFG
RFIL
RFL
RFV
RGA
RGCO
RGEN
RGLD
RGLS
RGNX
RGP
RGR
RGTI
RH
RHI
RHP
RICK
RIDEQ
RIET
RIG
RIGL
RILY
RINC
RINF
RING
RIO
RIOT
RITM
RIVN
RJF
RKLB
RKT
RL
RLAY
RLGT
RLI
RLJ
RLMD
RLV
RLX
RLY
RM
RMAX
RMBL
RMBS
RMD
RMNI
RMR
RMTI
RNA
RNAC
RNG
RNGR
RNLX
RNR
RNST
RNW
ROAD
ROBO
ROBT
ROCK
RODM
ROG
ROIC
ROIV
ROK
ROKT
ROKU
ROL
ROM
ROOT
ROP
ROST
ROVR
RPAR
RPAY
RPD
RPG
RPHM
RPHS
RPM
RPRX
RPTX
RPV
RRC
RRGB
RRR
RRX
RS
RSG
RSI
RSKD
RSP
RSPC
RSPD
RSPF
RSPG
RSPH
RSPM
RSPN
RSPR
RSPS
RSPT
RSPU
RSVR
RSX
RTH
RTO
RTX
RUI
RUM
RUN
RUNN
RUSHA
RUT
RVLPQ
RVLV
RVMD
RVNC
RVP
RVPH
RVSB
RVTY
RWAY
RWJ
RWK
RWL
RWLK
RWM
RWO
RWR
RWT
RWX
RXD
RXI
RXL
RXO
RXRX
RXST
RXT
RY
RYAAY
RYAM
RYAN
RYI
RYLD
RYLG
RYN
RYTM
RYZB
RZG
RZV
S
SA
SAA
SABR
SACH
SAFE
SAFT
SAGE
SAH
SAIA
SAIC
SAM
SAMG
SAN
SANA
SAND
SANM
SANW
SAP
SAR
SARK
SASR
SATL
SATO
SATS
SAVA
SAVE
SB
SBAC
SBB
SBCF
SBEV
SBGI
SBH
SBIO
SBLK
SBOW
SBRA
SBS
SBSI
SBSW
SBT
SBUX
SCC
SCCO
SCHA
SCHB
SCHC
SCHD
SCHE
SCHF
SCHG
SCHH
SCHJ
SCHK
SCHL
SCHM
SCHO
SCHP
SCHR
SCHV
SCHW
SCHX
SCHY
SCHZ
SCI
SCJ
SCL
SCLX
SCM
SCO
SCPH
SCS
SCSC
SCTL
SCVL
SCWX
SCYX
SCZ
SD
SDCCQ
SDD
SDEM
SDGR
SDIV
SDOG
SDOW
SDP
SDRL
SDS
SDVY
SDY
SE
SEA
SEAS
SEAT
SECT
SEDG
SEE
SEER
SEF
SEIC
SELF
SEM
SEMR
SENS
SES
SETH
SEVCQ
SEVN
SF
SFBS
SFE
SFIX
SFL
SFM
SFNC
SFST
SFY
SFYF
SFYX
SG
SGBX
SGC
SGDJ
SGDM
SGEN
SGH
SGHC
SGHT
SGLY
SGML
SGMO
SGOL
SGRY
SGU
SH
SHAK
SHBI
SHC
SHCO
SHCR
SHE
SHEL
SHEN
SHG
SHIP
SHLS
SHM
SHO
SHOO
SHOP
SHOT
SHV
SHW
SHY
SHYF
SHYG
SIBN
SICP
SID
SIEB
SIEN
SIFY
SIG
SIGA
SIGI
SII
SIJ
SIL
SILJ
SILK
SILV
SIMO
SIMS
SIRI
SITC
SITE
SITM
SIVBQ
SIVR
SIX
SIXB
SIXE
SIXI
SIXM
SIXRE
SIXU
SIXV
SIZE
SJB
SJIM
SJM
SJNK
SJT
SJW
SKE
SKF
SKIN
SKLZ
SKM
SKT
SKX
SKY
SKYT
SKYU
SKYW
SKYX
SKYY
SLAB
SLAC
SLB
SLCA
SLDB
SLDP
SLF
SLG
SLGC
SLGL
SLGN
SLI
SLM
SLNO
SLP
SLQD
SLQT
SLRC
SLRN
SLS
SLV
SLVM
SLVP
SLX
SLYG
SLYV
SM
SMAR
SMB
SMBC
SMBK
SMCI
SMDD
SMDV
SMFG
SMG
SMH
SMHI
SMIN
SMLF
SMLP
SMLV
SMMD
SMMF
SMMT
SMN
SMOG
SMOT
SMP
SMPL
SMR
SMRT
SMSI
SMTC
SMWB
SN
SNA
SNAP
SNBR
SNCR
SNCY
SND
SNDL
SNDR
SNDX
SNEX
SNN
SNOW
SNPE
SNPO
SNPS
SNSR
SNV
SNX
SNY
SO
SOCL
SOFI
SOHU
SOI
SOL
SOLO
SON
SOND
SONO
SONY
SOPH
SOUN
SOVO
SOXL
SOXQ
SOXS
SOXX
SOYB
SP
SPAB
SPB
SPBO
SPC
SPCE
SPCX
SPD
SPDN
SPDW
SPEM
SPESG
SPEU
SPFF
SPFI
SPG
SPGI
SPGM
SPGP
SPH
SPHB
SPHD
SPHQ
SPHR
SPHY
SPI
SPIB
SPIKE
SPIP
SPIR
SPLB
SPLG
SPLK
SPLV
SPMB
SPMD
SPMO
SPMV
SPNS
SPNT
SPOK
SPOT
SPR
SPRO
SPRU
SPRX
SPRY
SPSB
SPSC
SPSM
SPT
SPTI
SPTL
SPTM
SPTN
SPTS
SPUU
SPVM
SPVU
SPWH
SPWR
SPX
SPXC
SPXE
SPXL
SPXN
SPXS
SPXT
SPXU
SPXV
SPXW
SPY
SPYD
SPYG
SPYV
SPYX
SQ
SQFT
SQM
SQNS
SQQQ
SQSP
SQY
SQZB
SR
SRAD
SRAX
SRC
SRCE
SRCL
SRDX
SRE
SRET
SRG
SRI
SRL
SRLN
SRNEQ
SRPT
SRRK
SRS
SRT
SRTS
SRTY
SRVR
SSB
SSD
SSG
SSL
SSNC
SSO
SSP
SSRM
SSSS
SST
SSTI
SSTK
SSUS
SSYS
ST
STAA
STAG
STBA
STC
STE
STEM
STEP
STER
STGW
STHO
STIM
STIP
STKH
STKL
STKS
STLA
STLD
STM
STN
STNE
STNG
STOK
STPZ
STR
STRA
STRL
STRO
STT
STTK
STVN
STWD
STX
STXS
STZ
SU
SUI
SUM
SUN
SUNW
SUP
SUPL
SUPN
SUPV
SURG
SUSA
SUSB
SUSL
SUZ
SVAL
SVC
SVIX
SVM
SVOL
SVRA
SVV
SVXY
SWAN
SWAV
SWBI
SWI
SWIM
SWK
SWKS
SWN
SWTX
SWX
SXC
SXI
SXT
SY
SYBT
SYF
SYK
SYLD
SYM
SYNA
SYPR
SYRS
SYY
SZK
T
TAC
TACT
TAGS
TAIL
TAK
TAL
TALK
TALO
TAN
TAP
TARA
TARK
TARO
TARS
TASK
TAST
TBBK
TBF
TBI
TBIL
TBIO
TBLA
TBNK
TBPH
TBT
TCBI
TCBK
TCHI
TCMD
TCN
TCOM
TCON
TCPC
TCRT
TCS
TCX
TD
TDC
TDCX
TDG
TDIV
TDOC
TDS
TDSC
TDUP
TDV
TDW
TDY
TEAM
TECB
TECH
TECK
TECL
TECS
TEF
TEL
TELA
TELL
TENB
TEO
TER
TERN
TEVA
TEX
TFC
TFI
TFII
TFIN
TFLO
TFPM
TFSL
TFX
TG
TGB
TGH
TGI
TGLS
TGNA
TGS
TGT
TGTX
TH
THC
THCH
THCX
THD
THFF
THG
THLV
THNQ
THO
THR
THRD
THRM
THRX
THRY
THS
THTX
TIGO
TIGR
TILE
TILL
TIMB
TIME
TINT
TINY
TIO
TIP
TIPT
TIPX
TITN
TIXT
TJX
TK
TKC
TKO
TKR
TLH
TLRY
TLS
TLSA
TLT
TLYS
TM
TMAT
TMC
TMCI
TMDV
TMDX
TME
TMF
TMFC
TMHC
TMO
TMP
TMPOQ
TMQ
TMST
TMUS
TMV
TNA
TNC
TNDM
TNET
TNGX
TNK
TNL
TNP
TNYA
TOKE
TOL
TOLZ
TOON
TORO
TOST
TOTL
TOUR
TOWN
TPB
TPC
TPG
TPH
TPIC
TPOR
TPR
TPST
TPVG
TPX
TPYP
TQQQ
TR
TRAK
TRC
TREE
TREX
TRGP
TRI
TRIB
TRIN
TRIP
TRIRF
TRMB
TRMD
TRMK
TRMR
TRN
TRNO
TROO
TROW
TROX
TRP
TRS
TRST
TRTX
TRU
TRUE
TRUP
TRV
TRVG
TRVI
TRVN
TRX
TS
TSAT
TSBK
TSCO
TSDD
TSE
TSEM
TSHA
TSL
TSLA
TSLL
TSLQ
TSLR
TSLS
TSLT
TSLX
TSLY
TSLZ
TSM
TSN
TSP
TSQ
TSVT
TT
TTAC
TTC
TTCFQ
TTD
TTE
TTEC
TTEK
TTGT
TTI
TTMI
TTNP
TTSH
TTT
TTWO
TU
TUA
TUP
TUR
TURN
TUSK
TUYA
TV
TVTX
TW
TWEB
TWI
TWIN
TWKS
TWLO
TWM
TWO
TWOU
TWST
TX
TXG
TXMD
TXN
TXRH
TXT
TYD
TYL
TYLG
TYO
TYRA
TZA
TZOO
U
UA
UAA
UAL
UAMY
UAN
UAVS
UBER
UBFO
UBOT
UBR
UBS
UBSI
UBT
UBX
UCAR
UCBI
UCC
UCO
UCTT
UCYB
UDMY
UDN
UDOW
UDR
UE
UEC
UEIC
UFCS
UFI
UFO
UFPI
UFPT
UGA
UGE
UGI
UGL
UGP
UGRO
UHAL
UHALB
UHS
UHT
UIS
UL
ULBI
ULCC
ULE
ULTA
UMBF
UMC
UMDD
UMH
UNF
UNFI
UNG
UNH
UNIT
UNL
UNM
UNP
UNTY
UONE
UONEK
UP
UPAR
UPBD
UPLD
UPRO
UPS
UPST
UPV
UPW
UPWK
UPXI
URA
URBN
URE
URGN
URI
URNJ
URNM
UROY
URTH
URTY
USAC
USAI
USAP
USAU
USB
USCI
USD
USDP
USDU
USFD
USFR
USHY
USIG
USIO
USL
USM
USMC
USMF
USMV
USNA
USO
USPH
USPX
USRT
UST
USXF
UTEN
UTHR
UTHY
UTI
UTL
UTSL
UTWO
UTWY
UTY
UTZ
UUP
UUUU
UVE
UVIX
UVSP
UVV
UVXY
UWM
UWMC
UXI
UXIN
UYG
UYM
V
VAC
VAL
VALE
VALQ
VANI
VATE
VAW
VB
VBIV
VBK
VBR
VBTX
VC
VCAR
VCEL
VCIT
VCLT
VCR
VCSH
VCTR
VCYT
VDC
VDE
VEA
VECO
VEEV
VEGI
VEGN
VEL
VEON
VERA
VERI
VERS
VERU
VERV
VERX
VET
VEU
VEV
VFC
VFF
VFH
VFMF
VFMO
VFMV
VFQY
VFS
VFVA
VGIT
VGK
VGLT
VGR
VGSH
VGT
VGZ
VHT
VIAV
VICE
VICI
VICR
VIG
VIGI
VINP
VIOG
VIOO
VIOV
VIPS
VIR
VIRI
VIRT
VIRX
VIS
VIST
VITL
VIV
VIX
VIXM
VIXY
VKTX
VLD
VLN
VLO
VLRS
VLTO
VLU
VLUE
VLY
VMBS
VMC
VMD
VMEO
VMI
VNDA
VNET
VNLA
VNO
VNOM
VNQ
VNQI
VNRX
VNT
VO
VOC
VOD
VOE
VONE
VONG
VONV
VOO
VOOG
VOOV
VOR
VOT
VOX
VOXX
VOYA
VPG
VPL
VPN
VPU
VQSSF
VR
VRA
VRAR
VRAYQ
VRCA
VRDN
VRE
VREX
VRM
VRNA
VRNS
VRNT
VRP
VRRM
VRSK
VRSN
VRT
VRTX
VSAT
VSCO
VSDA
VSEC
VSH
VSS
VST
VSTM
VSTO
VSTS
VT
VTC
VTEB
VTEX
VTGN
VTHR
VTI
VTIP
VTLE
VTNR
VTOL
VTR
VTRS
VTS
VTSI
VTV
VTWG
VTWO
VTWV
VTYX
VUG
VUZI
VV
VVI
VVV
VVX
VWE
VWO
VWOB
VXF
VXRT
VXUS
VXX
VXZ
VYGR
VYM
VYMI
VYX
VZ
VZIO
W
WAB
WABC
WAFD
WAL
WANT
WASH
WAT
WB
WBA
WBAT
WBD
WBS
WBX
WCBR
WCC
WCLD
WCN
WD
WDAY
WDC
WDFC
WDIV
WDNA
WDS
WEAT
WEAV
WEBL
WEBS
WEC
WEED
WEJOF
WELL
WEN
WERN
WES
WEST
WEWKQ
WEX
WFC
WFG
WFH
WFRD
WGMI
WGO
WGS
WH
WHD
WHF
WHG
WHR
WIMI
WING
WIP
WIRE
WISH
WIT
WIX
WK
WKC
WKHS
WKME
WKSP
WLDN
WLK
WLKP
WLMSQ
WLY
WM
WMB
WMG
WMK
WMS
WMT
WNC
WNDY
WNEB
WNS
WOLF
WOOD
WOOF
WOR
WOW
WPC
WPM
WPP
WPRT
WPS
WRAP
WRB
WRBY
WRK
WRLD
WSBC
WSBF
WSC
WSFS
WSM
WSO
WSR
WST
WT
WTAI
WTBA
WTFC
WTI
WTMF
WTRE
WTRG
WTS
WTTR
WTV
WTW
WU
WULF
WVE
WW
WWD
WWR
WWW
WY
WYNN
WYY
X
XAIR
XAR
XAU
XBI
XBIL
XBIT
XBTF
XDA
XDAT
XDB
XDC
XDE
XDN
XDNA
XDS
XDZ
XEL
XELA
XENE
XEO
XERS
XES
XFOR
XGN
XHB
XHE
XHR
XHS
XHYC
XHYD
XHYE
XHYF
XHYH
XHYI
XHYT
XITK
XLB
XLC
XLE
XLF
XLG
XLI
XLK
XLP
XLRE
XLU
XLV
XLY
XME
XMHQ
XMLV
XMMO
XMTR
XMVM
XNCR
XND
XNET
XNTK
XOM
XOMA
XOMO
XOP
XP
XPEL
XPER
XPEV
XPH
XPND
XPO
XPOF
XPP
XPRO
XRAY
XRLV
XRMI
XRT
XRX
XSD
XSHD
XSHQ
XSLV
XSMO
XSOE
XSP
XSVM
XSW
XT
XTL
XTN
XVOL
XVV
XWEB
XXII
XYL
XYLD
XYLG
YALA
YALL
YANG
YCL
YCS
YELLQ
YELP
YETI
YEXT
YI
YINN
YLD
YMAB
YMM
YNDX
YOLO
YORW
YOU
YPF
YPS
YQ
YRD
YSG
YUM
YUMC
YXI
YY
YYY
Z
ZBH
ZBRA
ZD
ZDGE
ZEPP
ZETA
ZEUS
ZG
ZGN
ZH
ZHDG
ZI
ZIM
ZIMV
ZION
ZIP
ZKIN
ZLAB
ZM
ZNTL
ZROZ
ZS
ZSL
ZTO
ZTS
ZTST
ZUMZ
ZUO
ZVIA
ZVRA
ZWS
ZYME
ZYXI
